2025-03-20 15:54:25.0718 | HelloGreetingApplication.Program | INFO | Application is starting... | 
2025-03-20 15:54:33.2100 | HelloGreetingApplication.Program | ERROR | Application failed to start | System.InvalidOperationException: Error while validating the service descriptor 'ServiceType: BusinessLayer.Interface.IUserBL Lifetime: Scoped ImplementationType: BusinessLayer.Service.UserBL': Unable to resolve service for type 'Middleware.JWT.JwtHelper' while attempting to activate 'BusinessLayer.Service.UserBL'.
 ---> System.InvalidOperationException: Unable to resolve service for type 'Middleware.JWT.JwtHelper' while attempting to activate 'BusinessLayer.Service.UserBL'.
   at Microsoft.Extensions.DependencyInjection.ServiceLookup.CallSiteFactory.CreateArgumentCallSites(ServiceIdentifier serviceIdentifier, Type implementationType, CallSiteChain callSiteChain, ParameterInfo[] parameters, Boolean throwIfCallSiteNotFound)
   at Microsoft.Extensions.DependencyInjection.ServiceLookup.CallSiteFactory.CreateConstructorCallSite(ResultCache lifetime, ServiceIdentifier serviceIdentifier, Type implementationType, CallSiteChain callSiteChain)
   at Microsoft.Extensions.DependencyInjection.ServiceLookup.CallSiteFactory.TryCreateExact(ServiceDescriptor descriptor, ServiceIdentifier serviceIdentifier, CallSiteChain callSiteChain, Int32 slot)
   at Microsoft.Extensions.DependencyInjection.ServiceLookup.CallSiteFactory.GetCallSite(ServiceDescriptor serviceDescriptor, CallSiteChain callSiteChain)
   at Microsoft.Extensions.DependencyInjection.ServiceProvider.ValidateService(ServiceDescriptor descriptor)
   --- End of inner exception stack trace ---
   at Microsoft.Extensions.DependencyInjection.ServiceProvider.ValidateService(ServiceDescriptor descriptor)
   at Microsoft.Extensions.DependencyInjection.ServiceProvider..ctor(ICollection`1 serviceDescriptors, ServiceProviderOptions options)
2025-03-20 15:57:15.1266 | HelloGreetingApplication.Program | INFO | Application is starting... | 
2025-03-20 15:57:21.1606 | HelloGreetingApplication.Program | ERROR | Application failed to start | System.InvalidOperationException: Error while validating the service descriptor 'ServiceType: BusinessLayer.Interface.IUserBL Lifetime: Scoped ImplementationType: BusinessLayer.Service.UserBL': Unable to resolve service for type 'Middleware.JWT.JwtHelper' while attempting to activate 'BusinessLayer.Service.UserBL'.
 ---> System.InvalidOperationException: Unable to resolve service for type 'Middleware.JWT.JwtHelper' while attempting to activate 'BusinessLayer.Service.UserBL'.
   at Microsoft.Extensions.DependencyInjection.ServiceLookup.CallSiteFactory.CreateArgumentCallSites(ServiceIdentifier serviceIdentifier, Type implementationType, CallSiteChain callSiteChain, ParameterInfo[] parameters, Boolean throwIfCallSiteNotFound)
   at Microsoft.Extensions.DependencyInjection.ServiceLookup.CallSiteFactory.CreateConstructorCallSite(ResultCache lifetime, ServiceIdentifier serviceIdentifier, Type implementationType, CallSiteChain callSiteChain)
   at Microsoft.Extensions.DependencyInjection.ServiceLookup.CallSiteFactory.TryCreateExact(ServiceDescriptor descriptor, ServiceIdentifier serviceIdentifier, CallSiteChain callSiteChain, Int32 slot)
   at Microsoft.Extensions.DependencyInjection.ServiceLookup.CallSiteFactory.GetCallSite(ServiceDescriptor serviceDescriptor, CallSiteChain callSiteChain)
   at Microsoft.Extensions.DependencyInjection.ServiceProvider.ValidateService(ServiceDescriptor descriptor)
   --- End of inner exception stack trace ---
   at Microsoft.Extensions.DependencyInjection.ServiceProvider.ValidateService(ServiceDescriptor descriptor)
   at Microsoft.Extensions.DependencyInjection.ServiceProvider..ctor(ICollection`1 serviceDescriptors, ServiceProviderOptions options)
2025-03-20 16:00:23.5518 | HelloGreetingApplication.Program | INFO | Application is starting... | 
2025-03-20 16:00:26.4590 | HelloGreetingApplication.Program | ERROR | Application failed to start | System.InvalidOperationException: Error while validating the service descriptor 'ServiceType: BusinessLayer.Interface.IUserBL Lifetime: Scoped ImplementationType: BusinessLayer.Service.UserBL': Unable to resolve service for type 'Middleware.Email.EmailService' while attempting to activate 'BusinessLayer.Service.UserBL'.
 ---> System.InvalidOperationException: Unable to resolve service for type 'Middleware.Email.EmailService' while attempting to activate 'BusinessLayer.Service.UserBL'.
   at Microsoft.Extensions.DependencyInjection.ServiceLookup.CallSiteFactory.CreateArgumentCallSites(ServiceIdentifier serviceIdentifier, Type implementationType, CallSiteChain callSiteChain, ParameterInfo[] parameters, Boolean throwIfCallSiteNotFound)
   at Microsoft.Extensions.DependencyInjection.ServiceLookup.CallSiteFactory.CreateConstructorCallSite(ResultCache lifetime, ServiceIdentifier serviceIdentifier, Type implementationType, CallSiteChain callSiteChain)
   at Microsoft.Extensions.DependencyInjection.ServiceLookup.CallSiteFactory.TryCreateExact(ServiceDescriptor descriptor, ServiceIdentifier serviceIdentifier, CallSiteChain callSiteChain, Int32 slot)
   at Microsoft.Extensions.DependencyInjection.ServiceLookup.CallSiteFactory.GetCallSite(ServiceDescriptor serviceDescriptor, CallSiteChain callSiteChain)
   at Microsoft.Extensions.DependencyInjection.ServiceProvider.ValidateService(ServiceDescriptor descriptor)
   --- End of inner exception stack trace ---
   at Microsoft.Extensions.DependencyInjection.ServiceProvider.ValidateService(ServiceDescriptor descriptor)
   at Microsoft.Extensions.DependencyInjection.ServiceProvider..ctor(ICollection`1 serviceDescriptors, ServiceProviderOptions options)
2025-03-20 16:01:45.4979 | HelloGreetingApplication.Program | INFO | Application is starting... | 
2025-03-20 16:01:55.7856 | HelloGreetingApplication.Program | INFO | Application started successfully | 
2025-03-20 16:01:57.6798 | Microsoft.Hosting.Lifetime | INFO | Now listening on: https://localhost:7222 | 
2025-03-20 16:01:57.8201 | Microsoft.Hosting.Lifetime | INFO | Now listening on: http://localhost:5240 | 
2025-03-20 16:02:03.8353 | Microsoft.Hosting.Lifetime | INFO | Application started. Press Ctrl+C to shut down. | 
2025-03-20 16:02:03.8420 | Microsoft.Hosting.Lifetime | INFO | Hosting environment: Development | 
2025-03-20 16:02:03.8420 | Microsoft.Hosting.Lifetime | INFO | Content root path: C:\Users\HP\Documents\GreetingApp_2384200174\HelloGreetingApplication\HelloGreetingApplication\ | 
2025-03-20 16:02:04.0640 | Microsoft.AspNetCore.Hosting.Diagnostics | INFO | Request starting HTTP/2 GET https://localhost:7222/Swagger/index.html - - | 
2025-03-20 16:02:06.4533 | Microsoft.AspNetCore.Hosting.Diagnostics | INFO | Request finished HTTP/2 GET https://localhost:7222/Swagger/index.html - - - 200 - text/html;charset=utf-8 2413.0038ms | 
2025-03-20 16:02:06.7404 | Microsoft.AspNetCore.Hosting.Diagnostics | INFO | Request starting HTTP/2 GET https://localhost:7222/Swagger/index.css - - | 
2025-03-20 16:02:06.7404 | Microsoft.AspNetCore.Hosting.Diagnostics | INFO | Request starting HTTP/2 GET https://localhost:7222/Swagger/index.js - - | 
2025-03-20 16:02:06.7404 | Microsoft.AspNetCore.Hosting.Diagnostics | INFO | Request starting HTTP/2 GET https://localhost:7222/Swagger/swagger-ui.css - - | 
2025-03-20 16:02:06.7404 | Microsoft.AspNetCore.Hosting.Diagnostics | INFO | Request starting HTTP/2 GET https://localhost:7222/_framework/aspnetcore-browser-refresh.js - - | 
2025-03-20 16:02:06.7404 | Microsoft.AspNetCore.Hosting.Diagnostics | INFO | Request starting HTTP/2 GET https://localhost:7222/Swagger/swagger-ui-standalone-preset.js - - | 
2025-03-20 16:02:06.7522 | Microsoft.AspNetCore.Hosting.Diagnostics | INFO | Request finished HTTP/2 GET https://localhost:7222/Swagger/index.js - - - 200 - application/javascript;charset=utf-8 11.2358ms | 
2025-03-20 16:02:06.7759 | Microsoft.AspNetCore.Hosting.Diagnostics | INFO | Request starting HTTP/2 GET https://localhost:7222/Swagger/swagger-ui-bundle.js - - | 
2025-03-20 16:02:06.7863 | Microsoft.AspNetCore.Hosting.Diagnostics | INFO | Request finished HTTP/2 GET https://localhost:7222/_framework/aspnetcore-browser-refresh.js - - - 200 12006 application/javascript;+charset=utf-8 45.1509ms | 
2025-03-20 16:02:06.7863 | Microsoft.AspNetCore.Hosting.Diagnostics | INFO | Request starting HTTP/2 GET https://localhost:7222/_vs/browserLink - - | 
2025-03-20 16:02:06.7959 | Microsoft.AspNetCore.StaticFiles.StaticFileMiddleware | INFO | The file /swagger-ui-standalone-preset.js was not modified | 
2025-03-20 16:02:06.7959 | Microsoft.AspNetCore.StaticFiles.StaticFileMiddleware | INFO | The file /swagger-ui-bundle.js was not modified | 
2025-03-20 16:02:06.7959 | Microsoft.AspNetCore.StaticFiles.StaticFileMiddleware | INFO | The file /swagger-ui.css was not modified | 
2025-03-20 16:02:06.7959 | Microsoft.AspNetCore.StaticFiles.StaticFileMiddleware | INFO | The file /index.css was not modified | 
2025-03-20 16:02:06.7959 | Microsoft.AspNetCore.Hosting.Diagnostics | INFO | Request finished HTTP/2 GET https://localhost:7222/Swagger/swagger-ui-bundle.js - - - 304 - application/javascript 22.1467ms | 
2025-03-20 16:02:06.7959 | Microsoft.AspNetCore.Hosting.Diagnostics | INFO | Request finished HTTP/2 GET https://localhost:7222/Swagger/swagger-ui.css - - - 304 - text/css 57.2757ms | 
2025-03-20 16:02:06.7959 | Microsoft.AspNetCore.Hosting.Diagnostics | INFO | Request finished HTTP/2 GET https://localhost:7222/Swagger/swagger-ui-standalone-preset.js - - - 304 - application/javascript 56.9227ms | 
2025-03-20 16:02:06.7959 | Microsoft.AspNetCore.Hosting.Diagnostics | INFO | Request finished HTTP/2 GET https://localhost:7222/Swagger/index.css - - - 304 - text/css 58.1863ms | 
2025-03-20 16:02:07.7243 | Microsoft.AspNetCore.Hosting.Diagnostics | INFO | Request finished HTTP/2 GET https://localhost:7222/_vs/browserLink - - - 200 - text/javascript;+charset=UTF-8 936.7914ms | 
2025-03-20 16:02:08.2226 | Microsoft.AspNetCore.Hosting.Diagnostics | INFO | Request starting HTTP/2 GET https://localhost:7222/Swagger/v1/swagger.json - - | 
2025-03-20 16:02:08.2571 | Microsoft.AspNetCore.Hosting.Diagnostics | INFO | Request finished HTTP/2 GET https://localhost:7222/Swagger/v1/swagger.json - - - 200 - application/json;charset=utf-8 34.5087ms | 
2025-03-20 16:02:08.4653 | Microsoft.AspNetCore.Hosting.Diagnostics | INFO | Request starting HTTP/2 GET https://localhost:7222/Swagger/favicon-32x32.png - - | 
2025-03-20 16:02:08.5205 | Microsoft.AspNetCore.StaticFiles.StaticFileMiddleware | INFO | Sending file. Request path: '/favicon-32x32.png'. Physical path: 'N/A' | 
2025-03-20 16:02:08.5205 | Microsoft.AspNetCore.Hosting.Diagnostics | INFO | Request finished HTTP/2 GET https://localhost:7222/Swagger/favicon-32x32.png - - - 200 628 image/png 56.3479ms | 
2025-03-20 16:06:21.7871 | HelloGreetingApplication.Program | INFO | Application is starting... | 
2025-03-20 16:06:22.8906 | HelloGreetingApplication.Program | ERROR | Application failed to start | Microsoft.Extensions.Hosting.HostFactoryResolver+HostingListener+StopTheHostException: Exception of type 'Microsoft.Extensions.Hosting.HostFactoryResolver+HostingListener+StopTheHostException' was thrown.
   at Microsoft.Extensions.Hosting.HostFactoryResolver.HostingListener.OnNext(KeyValuePair`2 value)
   at System.Diagnostics.DiagnosticListener.Write(String name, Object value)
   at Microsoft.Extensions.Hosting.HostBuilder.Build()
   at Microsoft.AspNetCore.Builder.WebApplicationBuilder.Build()
   at Program.<Main>$(String[] args) in C:\Users\HP\Documents\GreetingApp_2384200174\HelloGreetingApplication\HelloGreetingApplication\Program.cs:line 64
2025-03-20 16:06:23.0779 | HelloGreetingApplication.Program | INFO | Application is shutting down... | 
2025-03-20 16:15:53.6381 | HelloGreetingApplication.Program | INFO | Application is starting... | 
2025-03-20 16:16:01.7401 | HelloGreetingApplication.Program | INFO | Application started successfully | 
2025-03-20 16:16:03.5633 | Microsoft.Hosting.Lifetime | INFO | Now listening on: https://localhost:7222 | 
2025-03-20 16:16:03.6302 | Microsoft.Hosting.Lifetime | INFO | Now listening on: http://localhost:5240 | 
2025-03-20 16:16:06.8221 | Microsoft.AspNetCore.Hosting.Diagnostics | INFO | Request starting HTTP/2 GET https://localhost:7222/Swagger/index.html - - | 
2025-03-20 16:16:06.9972 | Microsoft.Hosting.Lifetime | INFO | Application started. Press Ctrl+C to shut down. | 
2025-03-20 16:16:06.9972 | Microsoft.Hosting.Lifetime | INFO | Hosting environment: Development | 
2025-03-20 16:16:06.9972 | Microsoft.Hosting.Lifetime | INFO | Content root path: C:\Users\HP\Documents\GreetingApp_2384200174\HelloGreetingApplication\HelloGreetingApplication\ | 
2025-03-20 16:16:09.4401 | Microsoft.AspNetCore.Hosting.Diagnostics | INFO | Request starting HTTP/2 GET https://localhost:7222/_framework/aspnetcore-browser-refresh.js - - | 
2025-03-20 16:16:09.5448 | Microsoft.AspNetCore.Hosting.Diagnostics | INFO | Request starting HTTP/2 GET https://localhost:7222/Swagger/index.js - - | 
2025-03-20 16:16:09.5923 | Microsoft.AspNetCore.Hosting.Diagnostics | INFO | Request starting HTTP/2 GET https://localhost:7222/_vs/browserLink - - | 
2025-03-20 16:16:09.6065 | Microsoft.AspNetCore.Hosting.Diagnostics | INFO | Request finished HTTP/2 GET https://localhost:7222/Swagger/index.js - - - 200 - application/javascript;charset=utf-8 50.9062ms | 
2025-03-20 16:16:09.6065 | Microsoft.AspNetCore.Hosting.Diagnostics | INFO | Request finished HTTP/2 GET https://localhost:7222/Swagger/index.html - - - 200 - text/html;charset=utf-8 2793.9235ms | 
2025-03-20 16:16:09.6553 | Microsoft.AspNetCore.Hosting.Diagnostics | INFO | Request finished HTTP/2 GET https://localhost:7222/_framework/aspnetcore-browser-refresh.js - - - 200 12006 application/javascript;+charset=utf-8 200.2791ms | 
2025-03-20 16:16:10.1806 | Microsoft.AspNetCore.Hosting.Diagnostics | INFO | Request finished HTTP/2 GET https://localhost:7222/_vs/browserLink - - - 200 - text/javascript;+charset=UTF-8 591.2793ms | 
2025-03-20 16:16:10.6684 | Microsoft.AspNetCore.Hosting.Diagnostics | INFO | Request starting HTTP/2 GET https://localhost:7222/Swagger/v1/swagger.json - - | 
2025-03-20 16:16:10.7317 | Microsoft.AspNetCore.Hosting.Diagnostics | INFO | Request finished HTTP/2 GET https://localhost:7222/Swagger/v1/swagger.json - - - 200 - application/json;charset=utf-8 63.2579ms | 
2025-03-20 16:17:52.6990 | Microsoft.AspNetCore.Hosting.Diagnostics | INFO | Request starting HTTP/2 POST https://localhost:7222/register application/json 82 | 
2025-03-20 16:17:52.8478 | Microsoft.AspNetCore.Routing.EndpointMiddleware | INFO | Executing endpoint 'HelloGreetingApplication.Controllers.UserController.RegistrationUser (HelloGreetingApplication)' | 
2025-03-20 16:17:53.0484 | Microsoft.AspNetCore.Mvc.Infrastructure.ControllerActionInvoker | INFO | Route matched with {action = "RegistrationUser", controller = "User"}. Executing controller action with signature Microsoft.AspNetCore.Mvc.IActionResult RegistrationUser(ModelLayer.Model.RegisterModel) on controller HelloGreetingApplication.Controllers.UserController (HelloGreetingApplication). | 
2025-03-20 16:17:58.9851 | Microsoft.EntityFrameworkCore.Infrastructure | INFO | Entity Framework Core 6.0.36 initialized 'GreetingContext' using provider 'Microsoft.EntityFrameworkCore.SqlServer:6.0.36' with options: None | 
2025-03-20 16:18:04.1027 | Microsoft.EntityFrameworkCore.Database.Command | INFO | Executed DbCommand (300ms) [Parameters=[@__register_Email_0='?' (Size = 4000)], CommandType='Text', CommandTimeout='30']
SELECT TOP(1) [u].[UserId], [u].[Email], [u].[Name], [u].[Password], [u].[Salt]
FROM [Users] AS [u]
WHERE [u].[Email] = @__register_Email_0 | 
2025-03-20 16:18:05.2930 | Microsoft.EntityFrameworkCore.Database.Command | INFO | Executed DbCommand (23ms) [Parameters=[@p0='?' (DbType = Guid), @p1='?' (Size = 4000), @p2='?' (Size = 4000), @p3='?' (Size = 4000), @p4='?' (Size = 8000) (DbType = Binary)], CommandType='Text', CommandTimeout='30']
SET NOCOUNT ON;
INSERT INTO [Users] ([UserId], [Email], [Name], [Password], [Salt])
VALUES (@p0, @p1, @p2, @p3, @p4); | 
2025-03-20 16:18:05.4106 | BusinessLayer.Service.UserBL | INFO | Registration successful for user: rkroxx770@gmail.com | 
2025-03-20 16:18:05.4686 | Microsoft.AspNetCore.Mvc.Infrastructure.ObjectResultExecutor | INFO | Executing CreatedResult, writing value of type 'ModelLayer.Model.ResponseModel`1[[ModelLayer.Model.RegistrationResponse, ModelLayer, Version=1.0.0.0, Culture=neutral, PublicKeyToken=null]]'. | 
2025-03-20 16:18:05.6359 | Microsoft.AspNetCore.Mvc.Infrastructure.ControllerActionInvoker | INFO | Executed action HelloGreetingApplication.Controllers.UserController.RegistrationUser (HelloGreetingApplication) in 12561.0398ms | 
2025-03-20 16:18:05.7189 | Microsoft.AspNetCore.Routing.EndpointMiddleware | INFO | Executed endpoint 'HelloGreetingApplication.Controllers.UserController.RegistrationUser (HelloGreetingApplication)' | 
2025-03-20 16:18:05.8087 | Microsoft.AspNetCore.Hosting.Diagnostics | INFO | Request finished HTTP/2 POST https://localhost:7222/register application/json 82 - 201 - application/json;+charset=utf-8 13109.6643ms | 
2025-03-20 16:19:22.3665 | Microsoft.AspNetCore.Hosting.Diagnostics | INFO | Request starting HTTP/2 POST https://localhost:7222/login application/json 63 | 
2025-03-20 16:19:22.3941 | Microsoft.AspNetCore.Routing.EndpointMiddleware | INFO | Executing endpoint 'HelloGreetingApplication.Controllers.UserController.LoginUser (HelloGreetingApplication)' | 
2025-03-20 16:19:22.4074 | Microsoft.AspNetCore.Mvc.Infrastructure.ControllerActionInvoker | INFO | Route matched with {action = "LoginUser", controller = "User"}. Executing controller action with signature Microsoft.AspNetCore.Mvc.IActionResult LoginUser(ModelLayer.Model.LoginModel) on controller HelloGreetingApplication.Controllers.UserController (HelloGreetingApplication). | 
2025-03-20 16:19:22.4282 | HelloGreetingApplication.Controllers.UserController | INFO | Login attempt for user: rkroxx770@gmail.com | 
2025-03-20 16:19:22.4419 | Microsoft.EntityFrameworkCore.Infrastructure | INFO | Entity Framework Core 6.0.36 initialized 'GreetingContext' using provider 'Microsoft.EntityFrameworkCore.SqlServer:6.0.36' with options: None | 
2025-03-20 16:19:22.4966 | Microsoft.EntityFrameworkCore.Database.Command | INFO | Executed DbCommand (35ms) [Parameters=[@__login_Email_0='?' (Size = 4000)], CommandType='Text', CommandTimeout='30']
SELECT TOP(1) [u].[UserId], [u].[Email], [u].[Name], [u].[Password], [u].[Salt]
FROM [Users] AS [u]
WHERE [u].[Email] = @__login_Email_0 | 
2025-03-20 16:19:22.6175 | BusinessLayer.Service.UserBL | INFO | Login successful for user: rkroxx770@gmail.com | 
2025-03-20 16:19:22.6214 | Microsoft.AspNetCore.Mvc.Infrastructure.ObjectResultExecutor | INFO | Executing OkObjectResult, writing value of type 'ModelLayer.Model.ResponseModel`1[[System.String, System.Private.CoreLib, Version=6.0.0.0, Culture=neutral, PublicKeyToken=7cec85d7bea7798e]]'. | 
2025-03-20 16:19:22.6214 | Microsoft.AspNetCore.Mvc.Infrastructure.ControllerActionInvoker | INFO | Executed action HelloGreetingApplication.Controllers.UserController.LoginUser (HelloGreetingApplication) in 215.6655ms | 
2025-03-20 16:19:22.6214 | Microsoft.AspNetCore.Routing.EndpointMiddleware | INFO | Executed endpoint 'HelloGreetingApplication.Controllers.UserController.LoginUser (HelloGreetingApplication)' | 
2025-03-20 16:19:22.6214 | Microsoft.AspNetCore.Hosting.Diagnostics | INFO | Request finished HTTP/2 POST https://localhost:7222/login application/json 63 - 200 - application/json;+charset=utf-8 259.8019ms | 
2025-03-20 16:19:52.6828 | Microsoft.AspNetCore.Hosting.Diagnostics | INFO | Request starting HTTP/2 POST https://localhost:7222/login application/json 63 | 
2025-03-20 16:19:52.6876 | Microsoft.AspNetCore.Routing.EndpointMiddleware | INFO | Executing endpoint 'HelloGreetingApplication.Controllers.UserController.LoginUser (HelloGreetingApplication)' | 
2025-03-20 16:19:52.6876 | Microsoft.AspNetCore.Mvc.Infrastructure.ControllerActionInvoker | INFO | Route matched with {action = "LoginUser", controller = "User"}. Executing controller action with signature Microsoft.AspNetCore.Mvc.IActionResult LoginUser(ModelLayer.Model.LoginModel) on controller HelloGreetingApplication.Controllers.UserController (HelloGreetingApplication). | 
2025-03-20 16:19:52.7066 | HelloGreetingApplication.Controllers.UserController | INFO | Login attempt for user: rkroxx770@gmail.com | 
2025-03-20 16:19:53.0078 | Microsoft.EntityFrameworkCore.Infrastructure | INFO | Entity Framework Core 6.0.36 initialized 'GreetingContext' using provider 'Microsoft.EntityFrameworkCore.SqlServer:6.0.36' with options: None | 
2025-03-20 16:19:53.0602 | Microsoft.EntityFrameworkCore.Database.Command | INFO | Executed DbCommand (17ms) [Parameters=[@__login_Email_0='?' (Size = 4000)], CommandType='Text', CommandTimeout='30']
SELECT TOP(1) [u].[UserId], [u].[Email], [u].[Name], [u].[Password], [u].[Salt]
FROM [Users] AS [u]
WHERE [u].[Email] = @__login_Email_0 | 
2025-03-20 16:19:53.1083 | BusinessLayer.Service.UserBL | INFO | Login successful for user: rkroxx770@gmail.com | 
2025-03-20 16:19:53.1083 | Microsoft.AspNetCore.Mvc.Infrastructure.ObjectResultExecutor | INFO | Executing OkObjectResult, writing value of type 'ModelLayer.Model.ResponseModel`1[[System.String, System.Private.CoreLib, Version=6.0.0.0, Culture=neutral, PublicKeyToken=7cec85d7bea7798e]]'. | 
2025-03-20 16:19:53.1083 | Microsoft.AspNetCore.Mvc.Infrastructure.ControllerActionInvoker | INFO | Executed action HelloGreetingApplication.Controllers.UserController.LoginUser (HelloGreetingApplication) in 420.9703ms | 
2025-03-20 16:19:53.1083 | Microsoft.AspNetCore.Routing.EndpointMiddleware | INFO | Executed endpoint 'HelloGreetingApplication.Controllers.UserController.LoginUser (HelloGreetingApplication)' | 
2025-03-20 16:19:53.1083 | Microsoft.AspNetCore.Hosting.Diagnostics | INFO | Request finished HTTP/2 POST https://localhost:7222/login application/json 63 - 200 - application/json;+charset=utf-8 429.5603ms | 
2025-03-20 16:20:17.5954 | Microsoft.AspNetCore.Hosting.Diagnostics | INFO | Request starting HTTP/2 POST https://localhost:7222/forgot-password?Email=rkroxx770%40gmail.com - 0 | 
2025-03-20 16:20:17.6147 | Microsoft.AspNetCore.Routing.EndpointMiddleware | INFO | Executing endpoint 'HelloGreetingApplication.Controllers.UserController.ForgotPassword (HelloGreetingApplication)' | 
2025-03-20 16:20:17.6412 | Microsoft.AspNetCore.Mvc.Infrastructure.ControllerActionInvoker | INFO | Route matched with {action = "ForgotPassword", controller = "User"}. Executing controller action with signature Microsoft.AspNetCore.Mvc.IActionResult ForgotPassword(ModelLayer.Model.ForgotPasswordModel) on controller HelloGreetingApplication.Controllers.UserController (HelloGreetingApplication). | 
2025-03-20 16:20:17.7414 | Microsoft.EntityFrameworkCore.Infrastructure | INFO | Entity Framework Core 6.0.36 initialized 'GreetingContext' using provider 'Microsoft.EntityFrameworkCore.SqlServer:6.0.36' with options: None | 
2025-03-20 16:20:17.7586 | Microsoft.EntityFrameworkCore.Database.Command | INFO | Executed DbCommand (8ms) [Parameters=[@__email_0='?' (Size = 4000)], CommandType='Text', CommandTimeout='30']
SELECT TOP(1) [u].[UserId], [u].[Email], [u].[Name], [u].[Password], [u].[Salt]
FROM [Users] AS [u]
WHERE [u].[Email] = @__email_0 | 
2025-03-20 16:20:19.0063 | BusinessLayer.Service.UserBL | INFO | Reset password token sent via email to user: rkroxx770@gmail.com | 
2025-03-20 16:20:19.0063 | Microsoft.AspNetCore.Mvc.Infrastructure.ObjectResultExecutor | INFO | Executing OkObjectResult, writing value of type 'ModelLayer.Model.ResponseModel`1[[System.Boolean, System.Private.CoreLib, Version=6.0.0.0, Culture=neutral, PublicKeyToken=7cec85d7bea7798e]]'. | 
2025-03-20 16:20:19.0196 | Microsoft.AspNetCore.Mvc.Infrastructure.ControllerActionInvoker | INFO | Executed action HelloGreetingApplication.Controllers.UserController.ForgotPassword (HelloGreetingApplication) in 1377.1283ms | 
2025-03-20 16:20:19.0196 | Microsoft.AspNetCore.Routing.EndpointMiddleware | INFO | Executed endpoint 'HelloGreetingApplication.Controllers.UserController.ForgotPassword (HelloGreetingApplication)' | 
2025-03-20 16:20:19.0196 | Microsoft.AspNetCore.Hosting.Diagnostics | INFO | Request finished HTTP/2 POST https://localhost:7222/forgot-password?Email=rkroxx770%40gmail.com - 0 - 200 - application/json;+charset=utf-8 1425.6855ms | 
2025-03-20 16:21:41.3729 | Microsoft.AspNetCore.Hosting.Diagnostics | INFO | Request starting HTTP/2 POST https://localhost:7222/reset-password?Token=eyJhbGciOiJIUzI1NiIsInR5cCI6IkpXVCJ9.eyJodHRwOi8vc2NoZW1hcy54bWxzb2FwLm9yZy93cy8yMDA1LzA1L2lkZW50aXR5L2NsYWltcy9lbWFpbGFkZHJlc3MiOiJya3JveHg3NzBAZ21haWwuY29tIiwiUHVycG9zZSI6IlBhc3N3b3JkUmVzZXQiLCJleHAiOjE3NDI0Njg3MTcsImlzcyI6IlVzZXJBUEkiLCJhdWQiOiJVc2VyQ2xpZW50cyJ9.ujJd1-fCSMGeG43DJ9l6f5Y3PzAl7CwKald9Si9IMYI&NewPassword=Rohit%40123&ConfirmPassword=Rohit%40123 - 0 | 
2025-03-20 16:21:41.3729 | Microsoft.AspNetCore.Routing.EndpointMiddleware | INFO | Executing endpoint 'HelloGreetingApplication.Controllers.UserController.ResetPassword (HelloGreetingApplication)' | 
2025-03-20 16:21:41.3923 | Microsoft.AspNetCore.Mvc.Infrastructure.ControllerActionInvoker | INFO | Route matched with {action = "ResetPassword", controller = "User"}. Executing controller action with signature Microsoft.AspNetCore.Mvc.IActionResult ResetPassword(ModelLayer.Model.ResetPasswordModel) on controller HelloGreetingApplication.Controllers.UserController (HelloGreetingApplication). | 
2025-03-20 16:21:41.6003 | Microsoft.AspNetCore.Mvc.Infrastructure.ObjectResultExecutor | INFO | Executing OkObjectResult, writing value of type 'ModelLayer.Model.ResponseModel`1[[System.String, System.Private.CoreLib, Version=6.0.0.0, Culture=neutral, PublicKeyToken=7cec85d7bea7798e]]'. | 
2025-03-20 16:21:41.6084 | Microsoft.AspNetCore.Mvc.Infrastructure.ControllerActionInvoker | INFO | Executed action HelloGreetingApplication.Controllers.UserController.ResetPassword (HelloGreetingApplication) in 214.9484ms | 
2025-03-20 16:21:41.6084 | Microsoft.AspNetCore.Routing.EndpointMiddleware | INFO | Executed endpoint 'HelloGreetingApplication.Controllers.UserController.ResetPassword (HelloGreetingApplication)' | 
2025-03-20 16:21:41.6084 | Microsoft.AspNetCore.Hosting.Diagnostics | INFO | Request finished HTTP/2 POST https://localhost:7222/reset-password?Token=eyJhbGciOiJIUzI1NiIsInR5cCI6IkpXVCJ9.eyJodHRwOi8vc2NoZW1hcy54bWxzb2FwLm9yZy93cy8yMDA1LzA1L2lkZW50aXR5L2NsYWltcy9lbWFpbGFkZHJlc3MiOiJya3JveHg3NzBAZ21haWwuY29tIiwiUHVycG9zZSI6IlBhc3N3b3JkUmVzZXQiLCJleHAiOjE3NDI0Njg3MTcsImlzcyI6IlVzZXJBUEkiLCJhdWQiOiJVc2VyQ2xpZW50cyJ9.ujJd1-fCSMGeG43DJ9l6f5Y3PzAl7CwKald9Si9IMYI&NewPassword=Rohit%40123&ConfirmPassword=Rohit%40123 - 0 - 200 - application/json;+charset=utf-8 239.0423ms | 
2025-03-20 16:25:41.8321 | HelloGreetingApplication.Program | INFO | Application is starting... | 
2025-03-20 16:25:46.6547 | HelloGreetingApplication.Program | INFO | Application started successfully | 
2025-03-20 16:25:49.3135 | Microsoft.Hosting.Lifetime | INFO | Now listening on: https://localhost:7222 | 
2025-03-20 16:25:49.3770 | Microsoft.Hosting.Lifetime | INFO | Now listening on: http://localhost:5240 | 
2025-03-20 16:25:52.3592 | Microsoft.Hosting.Lifetime | INFO | Application started. Press Ctrl+C to shut down. | 
2025-03-20 16:25:52.3828 | Microsoft.AspNetCore.Hosting.Diagnostics | INFO | Request starting HTTP/2 GET https://localhost:7222/Swagger/index.html - - | 
2025-03-20 16:25:52.3975 | Microsoft.Hosting.Lifetime | INFO | Hosting environment: Development | 
2025-03-20 16:25:52.3975 | Microsoft.Hosting.Lifetime | INFO | Content root path: C:\Users\HP\Documents\GreetingApp_2384200174\HelloGreetingApplication\HelloGreetingApplication\ | 
2025-03-20 16:25:54.9391 | Microsoft.AspNetCore.Hosting.Diagnostics | INFO | Request finished HTTP/2 GET https://localhost:7222/Swagger/index.html - - - 200 - text/html;charset=utf-8 2653.7572ms | 
2025-03-20 16:25:55.1423 | Microsoft.AspNetCore.Hosting.Diagnostics | INFO | Request starting HTTP/2 GET https://localhost:7222/_framework/aspnetcore-browser-refresh.js - - | 
2025-03-20 16:25:55.1423 | Microsoft.AspNetCore.Hosting.Diagnostics | INFO | Request starting HTTP/2 GET https://localhost:7222/Swagger/index.js - - | 
2025-03-20 16:25:55.1423 | Microsoft.AspNetCore.Hosting.Diagnostics | INFO | Request starting HTTP/2 GET https://localhost:7222/_vs/browserLink - - | 
2025-03-20 16:25:55.1593 | Microsoft.AspNetCore.Hosting.Diagnostics | INFO | Request finished HTTP/2 GET https://localhost:7222/Swagger/index.js - - - 200 - application/javascript;charset=utf-8 16.9668ms | 
2025-03-20 16:25:55.2111 | Microsoft.AspNetCore.Hosting.Diagnostics | INFO | Request finished HTTP/2 GET https://localhost:7222/_framework/aspnetcore-browser-refresh.js - - - 200 12006 application/javascript;+charset=utf-8 68.7425ms | 
2025-03-20 16:25:55.8052 | Microsoft.AspNetCore.Hosting.Diagnostics | INFO | Request finished HTTP/2 GET https://localhost:7222/_vs/browserLink - - - 200 - text/javascript;+charset=UTF-8 661.0546ms | 
2025-03-20 16:25:56.4098 | Microsoft.AspNetCore.Hosting.Diagnostics | INFO | Request starting HTTP/2 GET https://localhost:7222/Swagger/v1/swagger.json - - | 
2025-03-20 16:25:56.4594 | Microsoft.AspNetCore.Hosting.Diagnostics | INFO | Request finished HTTP/2 GET https://localhost:7222/Swagger/v1/swagger.json - - - 200 - application/json;charset=utf-8 49.5640ms | 
2025-03-20 16:28:05.8974 | Microsoft.AspNetCore.Hosting.Diagnostics | INFO | Request starting HTTP/2 POST https://localhost:7222/reset-password?Token=eyJhbGciOiJIUzI1NiIsInR5cCI6IkpXVCJ9.eyJodHRwOi8vc2NoZW1hcy54bWxzb2FwLm9yZy93cy8yMDA1LzA1L2lkZW50aXR5L2NsYWltcy9lbWFpbGFkZHJlc3MiOiJya3JveHg3NzBAZ21haWwuY29tIiwiUHVycG9zZSI6IlBhc3N3b3JkUmVzZXQiLCJleHAiOjE3NDI0Njg3MTcsImlzcyI6IlVzZXJBUEkiLCJhdWQiOiJVc2VyQ2xpZW50cyJ9.ujJd1-fCSMGeG43DJ9l6f5Y3PzAl7CwKald9Si9IMYI&NewPassword=Rohit%40123&ConfirmPassword=Rohit%40123 - 0 | 
2025-03-20 16:28:06.0584 | Microsoft.AspNetCore.Routing.EndpointMiddleware | INFO | Executing endpoint 'HelloGreetingApplication.Controllers.UserController.ResetPassword (HelloGreetingApplication)' | 
2025-03-20 16:28:06.3543 | Microsoft.AspNetCore.Mvc.Infrastructure.ControllerActionInvoker | INFO | Route matched with {action = "ResetPassword", controller = "User"}. Executing controller action with signature Microsoft.AspNetCore.Mvc.IActionResult ResetPassword(ModelLayer.Model.ResetPasswordModel) on controller HelloGreetingApplication.Controllers.UserController (HelloGreetingApplication). | 
2025-03-20 16:28:10.6787 | Microsoft.AspNetCore.Mvc.Infrastructure.ObjectResultExecutor | INFO | Executing OkObjectResult, writing value of type 'ModelLayer.Model.ResponseModel`1[[System.String, System.Private.CoreLib, Version=6.0.0.0, Culture=neutral, PublicKeyToken=7cec85d7bea7798e]]'. | 
2025-03-20 16:28:10.9421 | Microsoft.AspNetCore.Mvc.Infrastructure.ControllerActionInvoker | INFO | Executed action HelloGreetingApplication.Controllers.UserController.ResetPassword (HelloGreetingApplication) in 4467.1232ms | 
2025-03-20 16:28:10.9711 | Microsoft.AspNetCore.Routing.EndpointMiddleware | INFO | Executed endpoint 'HelloGreetingApplication.Controllers.UserController.ResetPassword (HelloGreetingApplication)' | 
2025-03-20 16:28:11.0065 | Microsoft.AspNetCore.Hosting.Diagnostics | INFO | Request finished HTTP/2 POST https://localhost:7222/reset-password?Token=eyJhbGciOiJIUzI1NiIsInR5cCI6IkpXVCJ9.eyJodHRwOi8vc2NoZW1hcy54bWxzb2FwLm9yZy93cy8yMDA1LzA1L2lkZW50aXR5L2NsYWltcy9lbWFpbGFkZHJlc3MiOiJya3JveHg3NzBAZ21haWwuY29tIiwiUHVycG9zZSI6IlBhc3N3b3JkUmVzZXQiLCJleHAiOjE3NDI0Njg3MTcsImlzcyI6IlVzZXJBUEkiLCJhdWQiOiJVc2VyQ2xpZW50cyJ9.ujJd1-fCSMGeG43DJ9l6f5Y3PzAl7CwKald9Si9IMYI&NewPassword=Rohit%40123&ConfirmPassword=Rohit%40123 - 0 - 200 - application/json;+charset=utf-8 5108.3634ms | 
2025-03-20 16:29:32.9135 | HelloGreetingApplication.Program | INFO | Application is starting... | 
2025-03-20 16:29:36.9239 | HelloGreetingApplication.Program | INFO | Application started successfully | 
2025-03-20 16:29:39.3087 | Microsoft.Hosting.Lifetime | INFO | Now listening on: https://localhost:7222 | 
2025-03-20 16:29:39.9156 | Microsoft.Hosting.Lifetime | INFO | Now listening on: http://localhost:5240 | 
2025-03-20 16:29:41.9690 | Microsoft.AspNetCore.Hosting.Diagnostics | INFO | Request starting HTTP/2 GET https://localhost:7222/Swagger/index.html - - | 
2025-03-20 16:29:43.0068 | Microsoft.Hosting.Lifetime | INFO | Application started. Press Ctrl+C to shut down. | 
2025-03-20 16:29:43.0597 | Microsoft.Hosting.Lifetime | INFO | Hosting environment: Development | 
2025-03-20 16:29:43.1079 | Microsoft.Hosting.Lifetime | INFO | Content root path: C:\Users\HP\Documents\GreetingApp_2384200174\HelloGreetingApplication\HelloGreetingApplication\ | 
2025-03-20 16:29:44.2548 | Microsoft.AspNetCore.Hosting.Diagnostics | INFO | Request finished HTTP/2 GET https://localhost:7222/Swagger/index.html - - - 200 - text/html;charset=utf-8 2305.5224ms | 
2025-03-20 16:29:44.4518 | Microsoft.AspNetCore.Hosting.Diagnostics | INFO | Request starting HTTP/2 GET https://localhost:7222/_framework/aspnetcore-browser-refresh.js - - | 
2025-03-20 16:29:44.4786 | Microsoft.AspNetCore.Hosting.Diagnostics | INFO | Request starting HTTP/2 GET https://localhost:7222/Swagger/index.js - - | 
2025-03-20 16:29:44.4870 | Microsoft.AspNetCore.Hosting.Diagnostics | INFO | Request finished HTTP/2 GET https://localhost:7222/Swagger/index.js - - - 200 - application/javascript;charset=utf-8 8.3072ms | 
2025-03-20 16:29:44.4870 | Microsoft.AspNetCore.Hosting.Diagnostics | INFO | Request starting HTTP/2 GET https://localhost:7222/_vs/browserLink - - | 
2025-03-20 16:29:44.5699 | Microsoft.AspNetCore.Hosting.Diagnostics | INFO | Request finished HTTP/2 GET https://localhost:7222/_framework/aspnetcore-browser-refresh.js - - - 200 12006 application/javascript;+charset=utf-8 118.1033ms | 
2025-03-20 16:29:45.4573 | Microsoft.AspNetCore.Hosting.Diagnostics | INFO | Request finished HTTP/2 GET https://localhost:7222/_vs/browserLink - - - 200 - text/javascript;+charset=UTF-8 964.4629ms | 
2025-03-20 16:29:45.9018 | Microsoft.AspNetCore.Hosting.Diagnostics | INFO | Request starting HTTP/2 GET https://localhost:7222/Swagger/v1/swagger.json - - | 
2025-03-20 16:29:46.0036 | Microsoft.AspNetCore.Hosting.Diagnostics | INFO | Request finished HTTP/2 GET https://localhost:7222/Swagger/v1/swagger.json - - - 200 - application/json;charset=utf-8 101.8288ms | 
2025-03-20 16:31:24.2242 | Microsoft.AspNetCore.Hosting.Diagnostics | INFO | Request starting HTTP/2 POST https://localhost:7222/forgot-password?Email=rkroxx770%40gmail.com - 0 | 
2025-03-20 16:31:24.3038 | Microsoft.AspNetCore.Routing.EndpointMiddleware | INFO | Executing endpoint 'HelloGreetingApplication.Controllers.UserController.ForgotPassword (HelloGreetingApplication)' | 
2025-03-20 16:31:24.4365 | Microsoft.AspNetCore.Mvc.Infrastructure.ControllerActionInvoker | INFO | Route matched with {action = "ForgotPassword", controller = "User"}. Executing controller action with signature Microsoft.AspNetCore.Mvc.IActionResult ForgotPassword(ModelLayer.Model.ForgotPasswordModel) on controller HelloGreetingApplication.Controllers.UserController (HelloGreetingApplication). | 
2025-03-20 16:31:29.7148 | Microsoft.EntityFrameworkCore.Infrastructure | INFO | Entity Framework Core 6.0.36 initialized 'GreetingContext' using provider 'Microsoft.EntityFrameworkCore.SqlServer:6.0.36' with options: None | 
2025-03-20 16:31:38.7689 | Microsoft.EntityFrameworkCore.Database.Command | INFO | Executed DbCommand (541ms) [Parameters=[@__email_0='?' (Size = 4000)], CommandType='Text', CommandTimeout='30']
SELECT TOP(1) [u].[UserId], [u].[Email], [u].[Name], [u].[Password], [u].[Salt]
FROM [Users] AS [u]
WHERE [u].[Email] = @__email_0 | 
2025-03-20 16:31:40.9612 | BusinessLayer.Service.UserBL | INFO | Reset password token sent via email to user: rkroxx770@gmail.com | 
2025-03-20 16:31:41.0155 | Microsoft.AspNetCore.Mvc.Infrastructure.ObjectResultExecutor | INFO | Executing OkObjectResult, writing value of type 'ModelLayer.Model.ResponseModel`1[[System.Boolean, System.Private.CoreLib, Version=6.0.0.0, Culture=neutral, PublicKeyToken=7cec85d7bea7798e]]'. | 
2025-03-20 16:31:41.1332 | Microsoft.AspNetCore.Mvc.Infrastructure.ControllerActionInvoker | INFO | Executed action HelloGreetingApplication.Controllers.UserController.ForgotPassword (HelloGreetingApplication) in 16638.67ms | 
2025-03-20 16:31:41.1332 | Microsoft.AspNetCore.Routing.EndpointMiddleware | INFO | Executed endpoint 'HelloGreetingApplication.Controllers.UserController.ForgotPassword (HelloGreetingApplication)' | 
2025-03-20 16:31:41.2641 | Microsoft.AspNetCore.Hosting.Diagnostics | INFO | Request finished HTTP/2 POST https://localhost:7222/forgot-password?Email=rkroxx770%40gmail.com - 0 - 200 - application/json;+charset=utf-8 17042.9091ms | 
2025-03-20 16:32:36.4189 | Microsoft.AspNetCore.Hosting.Diagnostics | INFO | Request starting HTTP/2 POST https://localhost:7222/reset-password?Token=eyJhbGciOiJIUzI1NiIsInR5cCI6IkpXVCJ9.eyJodHRwOi8vc2NoZW1hcy54bWxzb2FwLm9yZy93cy8yMDA1LzA1L2lkZW50aXR5L2NsYWltcy9lbWFpbGFkZHJlc3MiOiJya3JveHg3NzBAZ21haWwuY29tIiwiUHVycG9zZSI6IlBhc3N3b3JkUmVzZXQiLCJleHAiOjE3NDI0NzAyOTksImlzcyI6IlVzZXJBUEkiLCJhdWQiOiJVc2VyQ2xpZW50cyJ9.sfwbDFGf4uaGOyGyDYLHQLtLXmdnk05ISYK5e-Jnrt0&NewPassword=Rohit%40123&ConfirmPassword=Rohit%40123 - 0 | 
2025-03-20 16:32:36.4352 | Microsoft.AspNetCore.Routing.EndpointMiddleware | INFO | Executing endpoint 'HelloGreetingApplication.Controllers.UserController.ResetPassword (HelloGreetingApplication)' | 
2025-03-20 16:32:36.4352 | Microsoft.AspNetCore.Mvc.Infrastructure.ControllerActionInvoker | INFO | Route matched with {action = "ResetPassword", controller = "User"}. Executing controller action with signature Microsoft.AspNetCore.Mvc.IActionResult ResetPassword(ModelLayer.Model.ResetPasswordModel) on controller HelloGreetingApplication.Controllers.UserController (HelloGreetingApplication). | 
2025-03-20 16:32:36.6853 | Microsoft.AspNetCore.Mvc.Infrastructure.ObjectResultExecutor | INFO | Executing OkObjectResult, writing value of type 'ModelLayer.Model.ResponseModel`1[[System.String, System.Private.CoreLib, Version=6.0.0.0, Culture=neutral, PublicKeyToken=7cec85d7bea7798e]]'. | 
2025-03-20 16:32:36.6853 | Microsoft.AspNetCore.Mvc.Infrastructure.ControllerActionInvoker | INFO | Executed action HelloGreetingApplication.Controllers.UserController.ResetPassword (HelloGreetingApplication) in 246.5402ms | 
2025-03-20 16:32:36.6853 | Microsoft.AspNetCore.Routing.EndpointMiddleware | INFO | Executed endpoint 'HelloGreetingApplication.Controllers.UserController.ResetPassword (HelloGreetingApplication)' | 
2025-03-20 16:32:36.6853 | Microsoft.AspNetCore.Hosting.Diagnostics | INFO | Request finished HTTP/2 POST https://localhost:7222/reset-password?Token=eyJhbGciOiJIUzI1NiIsInR5cCI6IkpXVCJ9.eyJodHRwOi8vc2NoZW1hcy54bWxzb2FwLm9yZy93cy8yMDA1LzA1L2lkZW50aXR5L2NsYWltcy9lbWFpbGFkZHJlc3MiOiJya3JveHg3NzBAZ21haWwuY29tIiwiUHVycG9zZSI6IlBhc3N3b3JkUmVzZXQiLCJleHAiOjE3NDI0NzAyOTksImlzcyI6IlVzZXJBUEkiLCJhdWQiOiJVc2VyQ2xpZW50cyJ9.sfwbDFGf4uaGOyGyDYLHQLtLXmdnk05ISYK5e-Jnrt0&NewPassword=Rohit%40123&ConfirmPassword=Rohit%40123 - 0 - 200 - application/json;+charset=utf-8 278.9478ms | 
2025-03-20 16:41:03.0909 | HelloGreetingApplication.Program | INFO | Application is starting... | 
2025-03-20 16:41:06.5214 | HelloGreetingApplication.Program | INFO | Application started successfully | 
2025-03-20 16:41:09.1614 | Microsoft.Hosting.Lifetime | INFO | Now listening on: https://localhost:7222 | 
2025-03-20 16:41:09.2202 | Microsoft.Hosting.Lifetime | INFO | Now listening on: http://localhost:5240 | 
2025-03-20 16:41:12.8863 | Microsoft.AspNetCore.Hosting.Diagnostics | INFO | Request starting HTTP/2 GET https://localhost:7222/Swagger/index.html - - | 
2025-03-20 16:41:13.1615 | Microsoft.Hosting.Lifetime | INFO | Application started. Press Ctrl+C to shut down. | 
2025-03-20 16:41:13.1708 | Microsoft.Hosting.Lifetime | INFO | Hosting environment: Development | 
2025-03-20 16:41:13.1708 | Microsoft.Hosting.Lifetime | INFO | Content root path: C:\Users\HP\Documents\GreetingApp_2384200174\HelloGreetingApplication\HelloGreetingApplication\ | 
2025-03-20 16:41:15.2007 | Microsoft.AspNetCore.Hosting.Diagnostics | INFO | Request finished HTTP/2 GET https://localhost:7222/Swagger/index.html - - - 200 - text/html;charset=utf-8 2324.9419ms | 
2025-03-20 16:41:15.3982 | Microsoft.AspNetCore.Hosting.Diagnostics | INFO | Request starting HTTP/2 GET https://localhost:7222/Swagger/index.js - - | 
2025-03-20 16:41:15.4028 | Microsoft.AspNetCore.Hosting.Diagnostics | INFO | Request starting HTTP/2 GET https://localhost:7222/_framework/aspnetcore-browser-refresh.js - - | 
2025-03-20 16:41:15.4028 | Microsoft.AspNetCore.Hosting.Diagnostics | INFO | Request starting HTTP/2 GET https://localhost:7222/_vs/browserLink - - | 
2025-03-20 16:41:15.4028 | Microsoft.AspNetCore.Hosting.Diagnostics | INFO | Request finished HTTP/2 GET https://localhost:7222/Swagger/index.js - - - 200 - application/javascript;charset=utf-8 10.4926ms | 
2025-03-20 16:41:15.4379 | Microsoft.AspNetCore.Hosting.Diagnostics | INFO | Request finished HTTP/2 GET https://localhost:7222/_framework/aspnetcore-browser-refresh.js - - - 200 12006 application/javascript;+charset=utf-8 34.9947ms | 
2025-03-20 16:41:16.3809 | Microsoft.AspNetCore.Hosting.Diagnostics | INFO | Request finished HTTP/2 GET https://localhost:7222/_vs/browserLink - - - 200 - text/javascript;+charset=UTF-8 976.9018ms | 
2025-03-20 16:41:16.7595 | Microsoft.AspNetCore.Hosting.Diagnostics | INFO | Request starting HTTP/2 GET https://localhost:7222/Swagger/v1/swagger.json - - | 
2025-03-20 16:41:16.8209 | Microsoft.AspNetCore.Hosting.Diagnostics | INFO | Request finished HTTP/2 GET https://localhost:7222/Swagger/v1/swagger.json - - - 200 - application/json;charset=utf-8 61.2418ms | 
2025-03-20 16:42:22.1582 | Microsoft.AspNetCore.Hosting.Diagnostics | INFO | Request starting HTTP/2 POST https://localhost:7222/reset-password?Token=eyJhbGciOiJIUzI1NiIsInR5cCI6IkpXVCJ9.eyJodHRwOi8vc2NoZW1hcy54bWxzb2FwLm9yZy93cy8yMDA1LzA1L2lkZW50aXR5L2NsYWltcy9lbWFpbGFkZHJlc3MiOiJya3JveHg3NzBAZ21haWwuY29tIiwiUHVycG9zZSI6IlBhc3N3b3JkUmVzZXQiLCJleHAiOjE3NDI0NzAyOTksImlzcyI6IlVzZXJBUEkiLCJhdWQiOiJVc2VyQ2xpZW50cyJ9.sfwbDFGf4uaGOyGyDYLHQLtLXmdnk05ISYK5e-Jnrt0&NewPassword=Rohit%40123&ConfirmPassword=Rohit%40123 - 0 | 
2025-03-20 16:42:22.2736 | Microsoft.AspNetCore.Routing.EndpointMiddleware | INFO | Executing endpoint 'HelloGreetingApplication.Controllers.UserController.ResetPassword (HelloGreetingApplication)' | 
2025-03-20 16:42:22.4416 | Microsoft.AspNetCore.Mvc.Infrastructure.ControllerActionInvoker | INFO | Route matched with {action = "ResetPassword", controller = "User"}. Executing controller action with signature Microsoft.AspNetCore.Mvc.IActionResult ResetPassword(ModelLayer.Model.ResetPasswordModel) on controller HelloGreetingApplication.Controllers.UserController (HelloGreetingApplication). | 
2025-03-20 16:42:31.9319 | Microsoft.EntityFrameworkCore.Infrastructure | INFO | Entity Framework Core 6.0.36 initialized 'GreetingContext' using provider 'Microsoft.EntityFrameworkCore.SqlServer:6.0.36' with options: None | 
2025-03-20 16:42:37.1433 | Microsoft.EntityFrameworkCore.Database.Command | INFO | Executed DbCommand (396ms) [Parameters=[@__email_0='?' (Size = 4000)], CommandType='Text', CommandTimeout='30']
SELECT TOP(1) [u].[UserId], [u].[Email], [u].[Name], [u].[Password], [u].[Salt]
FROM [Users] AS [u]
WHERE [u].[Email] = @__email_0 | 
2025-03-20 16:42:37.8983 | Microsoft.EntityFrameworkCore.Database.Command | INFO | Executed DbCommand (26ms) [Parameters=[@__user_Email_0='?' (Size = 4000)], CommandType='Text', CommandTimeout='30']
SELECT TOP(1) [u].[UserId], [u].[Email], [u].[Name], [u].[Password], [u].[Salt]
FROM [Users] AS [u]
WHERE [u].[Email] = @__user_Email_0 | 
2025-03-20 16:42:37.9536 | Microsoft.AspNetCore.Mvc.Infrastructure.ObjectResultExecutor | INFO | Executing OkObjectResult, writing value of type 'ModelLayer.Model.ResponseModel`1[[System.String, System.Private.CoreLib, Version=6.0.0.0, Culture=neutral, PublicKeyToken=7cec85d7bea7798e]]'. | 
2025-03-20 16:42:38.0480 | Microsoft.AspNetCore.Mvc.Infrastructure.ControllerActionInvoker | INFO | Executed action HelloGreetingApplication.Controllers.UserController.ResetPassword (HelloGreetingApplication) in 15548.9323ms | 
2025-03-20 16:42:38.0480 | Microsoft.AspNetCore.Routing.EndpointMiddleware | INFO | Executed endpoint 'HelloGreetingApplication.Controllers.UserController.ResetPassword (HelloGreetingApplication)' | 
2025-03-20 16:42:38.1187 | Microsoft.AspNetCore.Hosting.Diagnostics | INFO | Request finished HTTP/2 POST https://localhost:7222/reset-password?Token=eyJhbGciOiJIUzI1NiIsInR5cCI6IkpXVCJ9.eyJodHRwOi8vc2NoZW1hcy54bWxzb2FwLm9yZy93cy8yMDA1LzA1L2lkZW50aXR5L2NsYWltcy9lbWFpbGFkZHJlc3MiOiJya3JveHg3NzBAZ21haWwuY29tIiwiUHVycG9zZSI6IlBhc3N3b3JkUmVzZXQiLCJleHAiOjE3NDI0NzAyOTksImlzcyI6IlVzZXJBUEkiLCJhdWQiOiJVc2VyQ2xpZW50cyJ9.sfwbDFGf4uaGOyGyDYLHQLtLXmdnk05ISYK5e-Jnrt0&NewPassword=Rohit%40123&ConfirmPassword=Rohit%40123 - 0 - 200 - application/json;+charset=utf-8 15960.6012ms | 
