<<<<<<< HEAD
2025-03-06 00:15:12.4181 | HelloGreetingApplication.Program | INFO | Application is starting... | 
2025-03-06 00:15:15.8375 | HelloGreetingApplication.Program | INFO | Application started successfully | 
2025-03-06 00:15:17.0044 | Microsoft.Hosting.Lifetime | INFO | Now listening on: https://localhost:7222 | 
2025-03-06 00:15:17.1037 | Microsoft.Hosting.Lifetime | INFO | Now listening on: http://localhost:5240 | 
2025-03-06 00:15:17.5696 | Microsoft.Hosting.Lifetime | INFO | Application started. Press Ctrl+C to shut down. | 
2025-03-06 00:15:17.6080 | Microsoft.Hosting.Lifetime | INFO | Hosting environment: Development | 
2025-03-06 00:15:17.6170 | Microsoft.Hosting.Lifetime | INFO | Content root path: C:\Users\HP\Documents\GreetingApp_2384200174\HelloGreetingApplication\HelloGreetingApplication\ | 
2025-03-06 00:15:18.8789 | Microsoft.AspNetCore.Hosting.Diagnostics | INFO | Request starting HTTP/2 GET https://localhost:7222/Swagger/index.html - - | 
2025-03-06 00:15:20.5034 | Microsoft.AspNetCore.Hosting.Diagnostics | INFO | Request finished HTTP/2 GET https://localhost:7222/Swagger/index.html - - - 200 - text/html;charset=utf-8 1637.1956ms | 
2025-03-06 00:15:20.5469 | Microsoft.AspNetCore.Hosting.Diagnostics | INFO | Request starting HTTP/2 GET https://localhost:7222/_framework/aspnetcore-browser-refresh.js - - | 
2025-03-06 00:15:20.5469 | Microsoft.AspNetCore.Hosting.Diagnostics | INFO | Request starting HTTP/2 GET https://localhost:7222/Swagger/swagger-ui-standalone-preset.js - - | 
2025-03-06 00:15:20.5469 | Microsoft.AspNetCore.Hosting.Diagnostics | INFO | Request starting HTTP/2 GET https://localhost:7222/Swagger/swagger-ui.css - - | 
2025-03-06 00:15:20.5469 | Microsoft.AspNetCore.Hosting.Diagnostics | INFO | Request starting HTTP/2 GET https://localhost:7222/Swagger/index.css - - | 
2025-03-06 00:15:20.5469 | Microsoft.AspNetCore.Hosting.Diagnostics | INFO | Request starting HTTP/2 GET https://localhost:7222/Swagger/swagger-ui-bundle.js - - | 
2025-03-06 00:15:20.5814 | Microsoft.AspNetCore.Hosting.Diagnostics | INFO | Request finished HTTP/2 GET https://localhost:7222/_framework/aspnetcore-browser-refresh.js - - - 200 12006 application/javascript;+charset=utf-8 34.4878ms | 
2025-03-06 00:15:20.5947 | Microsoft.AspNetCore.Hosting.Diagnostics | INFO | Request starting HTTP/2 GET https://localhost:7222/_vs/browserLink - - | 
2025-03-06 00:15:20.5947 | Microsoft.AspNetCore.StaticFiles.StaticFileMiddleware | INFO | The file /swagger-ui.css was not modified | 
2025-03-06 00:15:20.5947 | Microsoft.AspNetCore.StaticFiles.StaticFileMiddleware | INFO | The file /swagger-ui-bundle.js was not modified | 
2025-03-06 00:15:20.5947 | Microsoft.AspNetCore.StaticFiles.StaticFileMiddleware | INFO | The file /index.css was not modified | 
2025-03-06 00:15:20.5947 | Microsoft.AspNetCore.StaticFiles.StaticFileMiddleware | INFO | The file /swagger-ui-standalone-preset.js was not modified | 
2025-03-06 00:15:20.5947 | Microsoft.AspNetCore.Hosting.Diagnostics | INFO | Request finished HTTP/2 GET https://localhost:7222/Swagger/swagger-ui.css - - - 304 - text/css 56.7779ms | 
2025-03-06 00:15:20.5947 | Microsoft.AspNetCore.Hosting.Diagnostics | INFO | Request finished HTTP/2 GET https://localhost:7222/Swagger/index.css - - - 304 - text/css 51.6876ms | 
2025-03-06 00:15:20.5947 | Microsoft.AspNetCore.Hosting.Diagnostics | INFO | Request finished HTTP/2 GET https://localhost:7222/Swagger/swagger-ui-standalone-preset.js - - - 304 - application/javascript 59.5311ms | 
2025-03-06 00:15:20.5947 | Microsoft.AspNetCore.Hosting.Diagnostics | INFO | Request starting HTTP/2 GET https://localhost:7222/Swagger/index.js - - | 
2025-03-06 00:15:20.6231 | Microsoft.AspNetCore.Hosting.Diagnostics | INFO | Request finished HTTP/2 GET https://localhost:7222/Swagger/index.js - - - 200 - application/javascript;charset=utf-8 14.2679ms | 
2025-03-06 00:15:20.6305 | Microsoft.AspNetCore.Hosting.Diagnostics | INFO | Request finished HTTP/2 GET https://localhost:7222/Swagger/swagger-ui-bundle.js - - - 304 - application/javascript 76.6399ms | 
2025-03-06 00:15:21.1091 | Microsoft.AspNetCore.Hosting.Diagnostics | INFO | Request finished HTTP/2 GET https://localhost:7222/_vs/browserLink - - - 200 - text/javascript;+charset=UTF-8 514.3440ms | 
2025-03-06 00:15:21.3692 | Microsoft.AspNetCore.Hosting.Diagnostics | INFO | Request starting HTTP/2 GET https://localhost:7222/Swagger/v1/swagger.json - - | 
2025-03-06 00:15:21.3937 | Microsoft.AspNetCore.Hosting.Diagnostics | INFO | Request finished HTTP/2 GET https://localhost:7222/Swagger/v1/swagger.json - - - 200 - application/json;charset=utf-8 24.5365ms | 
2025-03-06 00:19:07.2608 | Microsoft.AspNetCore.Hosting.Diagnostics | INFO | Request starting HTTP/2 GET https://localhost:7222/HelloGreeting/9EB46BC4-CD9C-4C84-C45C-08DD5C0B9BC4 - - | 
2025-03-06 00:19:07.2850 | Microsoft.AspNetCore.Routing.EndpointMiddleware | INFO | Executing endpoint 'HelloGreetingApplication.Controllers.HelloGreetingController.Get (HelloGreetingApplication)' | 
2025-03-06 00:19:07.3740 | Microsoft.AspNetCore.Mvc.Infrastructure.ControllerActionInvoker | INFO | Route matched with {action = "Get", controller = "HelloGreeting"}. Executing controller action with signature Microsoft.AspNetCore.Mvc.IActionResult Get(System.Guid) on controller HelloGreetingApplication.Controllers.HelloGreetingController (HelloGreetingApplication). | 
2025-03-06 00:19:11.2136 | Microsoft.EntityFrameworkCore.Infrastructure | INFO | Entity Framework Core 6.0.36 initialized 'GreetingContext' using provider 'Microsoft.EntityFrameworkCore.SqlServer:6.0.36' with options: None | 
2025-03-06 00:19:16.6258 | Microsoft.EntityFrameworkCore.Database.Command | INFO | Executed DbCommand (463ms) [Parameters=[@__get_Item_0='?' (DbType = Guid)], CommandType='Text', CommandTimeout='30']
SELECT TOP(1) [g].[Id], [g].[Message]
FROM [Greetings] AS [g]
WHERE [g].[Id] = @__get_Item_0 | 
2025-03-06 00:19:17.0132 | HelloGreetingApplication.Controllers.HelloGreetingController | INFO | Find Greeting by Id Successful | 
2025-03-06 00:19:17.0390 | Microsoft.AspNetCore.Mvc.Infrastructure.ObjectResultExecutor | INFO | Executing OkObjectResult, writing value of type 'ModelLayer.Model.ResponseModel`1[[System.String, System.Private.CoreLib, Version=6.0.0.0, Culture=neutral, PublicKeyToken=7cec85d7bea7798e]]'. | 
2025-03-06 00:19:17.1183 | Microsoft.AspNetCore.Mvc.Infrastructure.ControllerActionInvoker | INFO | Executed action HelloGreetingApplication.Controllers.HelloGreetingController.Get (HelloGreetingApplication) in 9672.2594ms | 
2025-03-06 00:19:17.1183 | Microsoft.AspNetCore.Routing.EndpointMiddleware | INFO | Executed endpoint 'HelloGreetingApplication.Controllers.HelloGreetingController.Get (HelloGreetingApplication)' | 
2025-03-06 00:19:17.1843 | Microsoft.AspNetCore.Hosting.Diagnostics | INFO | Request finished HTTP/2 GET https://localhost:7222/HelloGreeting/9EB46BC4-CD9C-4C84-C45C-08DD5C0B9BC4 - - - 200 - application/json;+charset=utf-8 9923.4879ms | 
=======
2025-03-06 00:26:03.8033 | HelloGreetingApplication.Program | INFO | Application is starting... | 
2025-03-06 00:26:08.1092 | HelloGreetingApplication.Program | INFO | Application started successfully | 
2025-03-06 00:26:09.5365 | Microsoft.Hosting.Lifetime | INFO | Now listening on: https://localhost:7222 | 
2025-03-06 00:26:09.6267 | Microsoft.Hosting.Lifetime | INFO | Now listening on: http://localhost:5240 | 
2025-03-06 00:26:10.0265 | Microsoft.Hosting.Lifetime | INFO | Application started. Press Ctrl+C to shut down. | 
2025-03-06 00:26:10.0486 | Microsoft.Hosting.Lifetime | INFO | Hosting environment: Development | 
2025-03-06 00:26:10.3951 | Microsoft.Hosting.Lifetime | INFO | Content root path: C:\Users\HP\Documents\GreetingApp_2384200174\HelloGreetingApplication\HelloGreetingApplication\ | 
2025-03-06 00:26:11.7814 | Microsoft.AspNetCore.Hosting.Diagnostics | INFO | Request starting HTTP/2 GET https://localhost:7222/Swagger/index.html - - | 
2025-03-06 00:26:13.6354 | Microsoft.AspNetCore.Hosting.Diagnostics | INFO | Request finished HTTP/2 GET https://localhost:7222/Swagger/index.html - - - 200 - text/html;charset=utf-8 1865.4852ms | 
2025-03-06 00:26:13.9911 | Microsoft.AspNetCore.Hosting.Diagnostics | INFO | Request starting HTTP/2 GET https://localhost:7222/_framework/aspnetcore-browser-refresh.js - - | 
2025-03-06 00:26:13.9911 | Microsoft.AspNetCore.Hosting.Diagnostics | INFO | Request starting HTTP/2 GET https://localhost:7222/_vs/browserLink - - | 
2025-03-06 00:26:13.9911 | Microsoft.AspNetCore.Hosting.Diagnostics | INFO | Request starting HTTP/2 GET https://localhost:7222/Swagger/index.js - - | 
2025-03-06 00:26:13.9911 | Microsoft.AspNetCore.Hosting.Diagnostics | INFO | Request finished HTTP/2 GET https://localhost:7222/Swagger/index.js - - - 200 - application/javascript;charset=utf-8 6.9088ms | 
2025-03-06 00:26:14.0097 | Microsoft.AspNetCore.Hosting.Diagnostics | INFO | Request finished HTTP/2 GET https://localhost:7222/_framework/aspnetcore-browser-refresh.js - - - 200 12006 application/javascript;+charset=utf-8 18.8175ms | 
2025-03-06 00:26:14.3580 | Microsoft.AspNetCore.Hosting.Diagnostics | INFO | Request finished HTTP/2 GET https://localhost:7222/_vs/browserLink - - - 200 - text/javascript;+charset=UTF-8 366.7022ms | 
2025-03-06 00:26:14.8349 | Microsoft.AspNetCore.Hosting.Diagnostics | INFO | Request starting HTTP/2 GET https://localhost:7222/Swagger/v1/swagger.json - - | 
2025-03-06 00:26:14.9326 | Microsoft.AspNetCore.Hosting.Diagnostics | INFO | Request finished HTTP/2 GET https://localhost:7222/Swagger/v1/swagger.json - - - 200 - application/json;charset=utf-8 97.6381ms | 
2025-03-06 00:26:27.6796 | Microsoft.AspNetCore.Hosting.Diagnostics | INFO | Request starting HTTP/2 GET https://localhost:7222/HelloGreeting/9EB46BC4-CD9C-4C84-C45C-08DD5C0B9BC4 - - | 
2025-03-06 00:26:27.7283 | Microsoft.AspNetCore.Routing.EndpointMiddleware | INFO | Executing endpoint 'HelloGreetingApplication.Controllers.HelloGreetingController.Get (HelloGreetingApplication)' | 
2025-03-06 00:26:27.8577 | Microsoft.AspNetCore.Mvc.Infrastructure.ControllerActionInvoker | INFO | Route matched with {action = "Get", controller = "HelloGreeting"}. Executing controller action with signature Microsoft.AspNetCore.Mvc.IActionResult Get(System.Guid) on controller HelloGreetingApplication.Controllers.HelloGreetingController (HelloGreetingApplication). | 
2025-03-06 00:26:33.4995 | Microsoft.EntityFrameworkCore.Infrastructure | INFO | Entity Framework Core 6.0.36 initialized 'GreetingContext' using provider 'Microsoft.EntityFrameworkCore.SqlServer:6.0.36' with options: None | 
2025-03-06 00:26:38.8324 | Microsoft.EntityFrameworkCore.Database.Command | INFO | Executed DbCommand (402ms) [Parameters=[@__get_Item_0='?' (DbType = Guid)], CommandType='Text', CommandTimeout='30']
SELECT TOP(1) [g].[Id], [g].[Message]
FROM [Greetings] AS [g]
WHERE [g].[Id] = @__get_Item_0 | 
2025-03-06 00:26:39.2940 | HelloGreetingApplication.Controllers.HelloGreetingController | INFO | Find Greeting by Id Successful | 
2025-03-06 00:26:39.3370 | Microsoft.AspNetCore.Mvc.Infrastructure.ObjectResultExecutor | INFO | Executing OkObjectResult, writing value of type 'ModelLayer.Model.ResponseModel`1[[System.String, System.Private.CoreLib, Version=6.0.0.0, Culture=neutral, PublicKeyToken=7cec85d7bea7798e]]'. | 
2025-03-06 00:26:39.3886 | Microsoft.AspNetCore.Mvc.Infrastructure.ControllerActionInvoker | INFO | Executed action HelloGreetingApplication.Controllers.HelloGreetingController.Get (HelloGreetingApplication) in 11482.8801ms | 
2025-03-06 00:26:39.3886 | Microsoft.AspNetCore.Routing.EndpointMiddleware | INFO | Executed endpoint 'HelloGreetingApplication.Controllers.HelloGreetingController.Get (HelloGreetingApplication)' | 
2025-03-06 00:26:39.4420 | Microsoft.AspNetCore.Hosting.Diagnostics | INFO | Request finished HTTP/2 GET https://localhost:7222/HelloGreeting/9EB46BC4-CD9C-4C84-C45C-08DD5C0B9BC4 - - - 200 - application/json;+charset=utf-8 11762.4142ms | 
>>>>>>> UC5
2025-03-06 00:38:55.0171 | HelloGreetingApplication.Program | INFO | Application is starting... | 
2025-03-06 00:39:01.0462 | HelloGreetingApplication.Program | INFO | Application started successfully | 
2025-03-06 00:39:03.0868 | Microsoft.Hosting.Lifetime | INFO | Now listening on: https://localhost:7222 | 
2025-03-06 00:39:03.1299 | Microsoft.Hosting.Lifetime | INFO | Now listening on: http://localhost:5240 | 
2025-03-06 00:39:03.5974 | Microsoft.Hosting.Lifetime | INFO | Application started. Press Ctrl+C to shut down. | 
2025-03-06 00:39:03.6228 | Microsoft.Hosting.Lifetime | INFO | Hosting environment: Development | 
2025-03-06 00:39:03.7552 | Microsoft.Hosting.Lifetime | INFO | Content root path: C:\Users\HP\Documents\GreetingApp_2384200174\HelloGreetingApplication\HelloGreetingApplication\ | 
2025-03-06 00:39:05.3577 | Microsoft.AspNetCore.Hosting.Diagnostics | INFO | Request starting HTTP/2 GET https://localhost:7222/Swagger/index.html - - | 
2025-03-06 00:39:06.8222 | Microsoft.AspNetCore.Hosting.Diagnostics | INFO | Request finished HTTP/2 GET https://localhost:7222/Swagger/index.html - - - 200 - text/html;charset=utf-8 1479.2669ms | 
2025-03-06 00:39:06.8497 | Microsoft.AspNetCore.Hosting.Diagnostics | INFO | Request starting HTTP/2 GET https://localhost:7222/Swagger/index.js - - | 
2025-03-06 00:39:06.8497 | Microsoft.AspNetCore.Hosting.Diagnostics | INFO | Request starting HTTP/2 GET https://localhost:7222/_framework/aspnetcore-browser-refresh.js - - | 
2025-03-06 00:39:06.8497 | Microsoft.AspNetCore.Hosting.Diagnostics | INFO | Request finished HTTP/2 GET https://localhost:7222/Swagger/index.js - - - 200 - application/javascript;charset=utf-8 8.8873ms | 
2025-03-06 00:39:06.8763 | Microsoft.AspNetCore.Hosting.Diagnostics | INFO | Request starting HTTP/2 GET https://localhost:7222/_vs/browserLink - - | 
2025-03-06 00:39:06.9011 | Microsoft.AspNetCore.Hosting.Diagnostics | INFO | Request finished HTTP/2 GET https://localhost:7222/_framework/aspnetcore-browser-refresh.js - - - 200 12006 application/javascript;+charset=utf-8 51.3795ms | 
2025-03-06 00:39:07.2507 | Microsoft.AspNetCore.Hosting.Diagnostics | INFO | Request finished HTTP/2 GET https://localhost:7222/_vs/browserLink - - - 200 - text/javascript;+charset=UTF-8 374.3496ms | 
2025-03-06 00:39:07.5192 | Microsoft.AspNetCore.Hosting.Diagnostics | INFO | Request starting HTTP/2 GET https://localhost:7222/Swagger/v1/swagger.json - - | 
2025-03-06 00:39:07.5430 | Microsoft.AspNetCore.Hosting.Diagnostics | INFO | Request finished HTTP/2 GET https://localhost:7222/Swagger/v1/swagger.json - - - 200 - application/json;charset=utf-8 23.7558ms | 
2025-03-06 00:39:22.8236 | Microsoft.AspNetCore.Hosting.Diagnostics | INFO | Request starting HTTP/2 GET https://localhost:7222/HelloGreeting/all - - | 
2025-03-06 00:39:22.8721 | Microsoft.AspNetCore.Routing.EndpointMiddleware | INFO | Executing endpoint 'HelloGreetingApplication.Controllers.HelloGreetingController.GetAllGreetings (HelloGreetingApplication)' | 
2025-03-06 00:39:22.9195 | Microsoft.AspNetCore.Mvc.Infrastructure.ControllerActionInvoker | INFO | Route matched with {action = "GetAllGreetings", controller = "HelloGreeting"}. Executing controller action with signature Microsoft.AspNetCore.Mvc.IActionResult GetAllGreetings() on controller HelloGreetingApplication.Controllers.HelloGreetingController (HelloGreetingApplication). | 
2025-03-06 00:39:27.0745 | Microsoft.EntityFrameworkCore.Infrastructure | INFO | Entity Framework Core 6.0.36 initialized 'GreetingContext' using provider 'Microsoft.EntityFrameworkCore.SqlServer:6.0.36' with options: None | 
2025-03-06 00:39:30.1988 | Microsoft.EntityFrameworkCore.Database.Command | INFO | Executed DbCommand (183ms) [Parameters=[], CommandType='Text', CommandTimeout='30']
SELECT [g].[Id], [g].[Message]
FROM [Greetings] AS [g] | 
2025-03-06 00:39:30.5851 | HelloGreetingApplication.Controllers.HelloGreetingController | INFO | All greetings retrieved successfully. | 
2025-03-06 00:39:30.6243 | Microsoft.AspNetCore.Mvc.Infrastructure.ObjectResultExecutor | INFO | Executing OkObjectResult, writing value of type '<>f__AnonymousType1`2[[System.Boolean, System.Private.CoreLib, Version=6.0.0.0, Culture=neutral, PublicKeyToken=7cec85d7bea7798e],[System.Collections.Generic.List`1[[RepositoryLayer.Entity.GreetingEntity, RepositoryLayer, Version=1.0.0.0, Culture=neutral, PublicKeyToken=null]], System.Private.CoreLib, Version=6.0.0.0, Culture=neutral, PublicKeyToken=7cec85d7bea7798e]]'. | 
2025-03-06 00:39:30.6797 | Microsoft.AspNetCore.Mvc.Infrastructure.ControllerActionInvoker | INFO | Executed action HelloGreetingApplication.Controllers.HelloGreetingController.GetAllGreetings (HelloGreetingApplication) in 7737.0217ms | 
2025-03-06 00:39:30.6797 | Microsoft.AspNetCore.Routing.EndpointMiddleware | INFO | Executed endpoint 'HelloGreetingApplication.Controllers.HelloGreetingController.GetAllGreetings (HelloGreetingApplication)' | 
2025-03-06 00:39:30.7354 | Microsoft.AspNetCore.Hosting.Diagnostics | INFO | Request finished HTTP/2 GET https://localhost:7222/HelloGreeting/all - - - 200 - application/json;+charset=utf-8 7911.7551ms | 
2025-03-06 00:40:26.8600 | HelloGreetingApplication.Program | INFO | Application is starting... | 
2025-03-06 00:40:33.7165 | HelloGreetingApplication.Program | INFO | Application started successfully | 
2025-03-06 00:40:36.2784 | Microsoft.Hosting.Lifetime | INFO | Now listening on: https://localhost:7222 | 
2025-03-06 00:40:36.3222 | Microsoft.Hosting.Lifetime | INFO | Now listening on: http://localhost:5240 | 
2025-03-06 00:40:36.5440 | Microsoft.Hosting.Lifetime | INFO | Application started. Press Ctrl+C to shut down. | 
2025-03-06 00:40:36.5548 | Microsoft.Hosting.Lifetime | INFO | Hosting environment: Development | 
2025-03-06 00:40:36.5548 | Microsoft.Hosting.Lifetime | INFO | Content root path: C:\Users\HP\Documents\GreetingApp_2384200174\HelloGreetingApplication\HelloGreetingApplication\ | 
2025-03-06 00:40:38.4412 | Microsoft.AspNetCore.Hosting.Diagnostics | INFO | Request starting HTTP/2 GET https://localhost:7222/Swagger/index.html - - | 
2025-03-06 00:40:39.9952 | Microsoft.AspNetCore.Hosting.Diagnostics | INFO | Request finished HTTP/2 GET https://localhost:7222/Swagger/index.html - - - 200 - text/html;charset=utf-8 1562.7971ms | 
2025-03-06 00:40:40.0730 | Microsoft.AspNetCore.Hosting.Diagnostics | INFO | Request starting HTTP/2 GET https://localhost:7222/_framework/aspnetcore-browser-refresh.js - - | 
2025-03-06 00:40:40.0730 | Microsoft.AspNetCore.Hosting.Diagnostics | INFO | Request starting HTTP/2 GET https://localhost:7222/Swagger/index.js - - | 
2025-03-06 00:40:40.0730 | Microsoft.AspNetCore.Hosting.Diagnostics | INFO | Request starting HTTP/2 GET https://localhost:7222/_vs/browserLink - - | 
2025-03-06 00:40:40.1195 | Microsoft.AspNetCore.Hosting.Diagnostics | INFO | Request finished HTTP/2 GET https://localhost:7222/Swagger/index.js - - - 200 - application/javascript;charset=utf-8 45.8023ms | 
2025-03-06 00:40:40.9970 | Microsoft.AspNetCore.Hosting.Diagnostics | INFO | Request finished HTTP/2 GET https://localhost:7222/_framework/aspnetcore-browser-refresh.js - - - 200 12006 application/javascript;+charset=utf-8 924.0010ms | 
2025-03-06 00:40:41.4096 | Microsoft.AspNetCore.Hosting.Diagnostics | INFO | Request finished HTTP/2 GET https://localhost:7222/_vs/browserLink - - - 200 - text/javascript;+charset=UTF-8 1335.9618ms | 
2025-03-06 00:40:41.9459 | Microsoft.AspNetCore.Hosting.Diagnostics | INFO | Request starting HTTP/2 GET https://localhost:7222/Swagger/v1/swagger.json - - | 
2025-03-06 00:40:41.9906 | Microsoft.AspNetCore.Hosting.Diagnostics | INFO | Request finished HTTP/2 GET https://localhost:7222/Swagger/v1/swagger.json - - - 200 - application/json;charset=utf-8 44.6567ms | 
2025-03-06 00:40:54.8582 | Microsoft.AspNetCore.Hosting.Diagnostics | INFO | Request starting HTTP/2 GET https://localhost:7222/HelloGreeting/all-greetings - - | 
2025-03-06 00:40:54.9055 | Microsoft.AspNetCore.Routing.EndpointMiddleware | INFO | Executing endpoint 'HelloGreetingApplication.Controllers.HelloGreetingController.GetAllGreetings (HelloGreetingApplication)' | 
2025-03-06 00:40:54.9698 | Microsoft.AspNetCore.Mvc.Infrastructure.ControllerActionInvoker | INFO | Route matched with {action = "GetAllGreetings", controller = "HelloGreeting"}. Executing controller action with signature Microsoft.AspNetCore.Mvc.IActionResult GetAllGreetings() on controller HelloGreetingApplication.Controllers.HelloGreetingController (HelloGreetingApplication). | 
2025-03-06 00:40:58.9468 | Microsoft.EntityFrameworkCore.Infrastructure | INFO | Entity Framework Core 6.0.36 initialized 'GreetingContext' using provider 'Microsoft.EntityFrameworkCore.SqlServer:6.0.36' with options: None | 
2025-03-06 00:41:02.1227 | Microsoft.EntityFrameworkCore.Database.Command | INFO | Executed DbCommand (165ms) [Parameters=[], CommandType='Text', CommandTimeout='30']
SELECT [g].[Id], [g].[Message]
FROM [Greetings] AS [g] | 
2025-03-06 00:41:02.5469 | HelloGreetingApplication.Controllers.HelloGreetingController | INFO | All greetings retrieved successfully. | 
2025-03-06 00:41:02.5796 | Microsoft.AspNetCore.Mvc.Infrastructure.ObjectResultExecutor | INFO | Executing OkObjectResult, writing value of type '<>f__AnonymousType1`2[[System.Boolean, System.Private.CoreLib, Version=6.0.0.0, Culture=neutral, PublicKeyToken=7cec85d7bea7798e],[System.Collections.Generic.List`1[[RepositoryLayer.Entity.GreetingEntity, RepositoryLayer, Version=1.0.0.0, Culture=neutral, PublicKeyToken=null]], System.Private.CoreLib, Version=6.0.0.0, Culture=neutral, PublicKeyToken=7cec85d7bea7798e]]'. | 
2025-03-06 00:41:02.6326 | Microsoft.AspNetCore.Mvc.Infrastructure.ControllerActionInvoker | INFO | Executed action HelloGreetingApplication.Controllers.HelloGreetingController.GetAllGreetings (HelloGreetingApplication) in 7638.317ms | 
2025-03-06 00:41:02.6326 | Microsoft.AspNetCore.Routing.EndpointMiddleware | INFO | Executed endpoint 'HelloGreetingApplication.Controllers.HelloGreetingController.GetAllGreetings (HelloGreetingApplication)' | 
2025-03-06 00:41:02.6912 | Microsoft.AspNetCore.Hosting.Diagnostics | INFO | Request finished HTTP/2 GET https://localhost:7222/HelloGreeting/all-greetings - - - 200 - application/json;+charset=utf-8 7832.8945ms | 
2025-03-06 00:49:35.6393 | Microsoft.AspNetCore.Hosting.Diagnostics | INFO | Request starting HTTP/2 GET https://localhost:7222/HelloGreeting/all-greetings - - | 
2025-03-06 00:49:35.6593 | Microsoft.AspNetCore.Routing.EndpointMiddleware | INFO | Executing endpoint 'HelloGreetingApplication.Controllers.HelloGreetingController.GetAllGreetings (HelloGreetingApplication)' | 
2025-03-06 00:49:35.6593 | Microsoft.AspNetCore.Mvc.Infrastructure.ControllerActionInvoker | INFO | Route matched with {action = "GetAllGreetings", controller = "HelloGreeting"}. Executing controller action with signature Microsoft.AspNetCore.Mvc.IActionResult GetAllGreetings() on controller HelloGreetingApplication.Controllers.HelloGreetingController (HelloGreetingApplication). | 
2025-03-06 00:49:35.6724 | Microsoft.EntityFrameworkCore.Infrastructure | INFO | Entity Framework Core 6.0.36 initialized 'GreetingContext' using provider 'Microsoft.EntityFrameworkCore.SqlServer:6.0.36' with options: None | 
2025-03-06 00:49:35.7759 | Microsoft.EntityFrameworkCore.Database.Command | INFO | Executed DbCommand (17ms) [Parameters=[], CommandType='Text', CommandTimeout='30']
SELECT [g].[Id], [g].[Message]
FROM [Greetings] AS [g] | 
2025-03-06 00:49:35.7759 | HelloGreetingApplication.Controllers.HelloGreetingController | INFO | All greetings retrieved successfully. | 
2025-03-06 00:49:35.7759 | Microsoft.AspNetCore.Mvc.Infrastructure.ObjectResultExecutor | INFO | Executing OkObjectResult, writing value of type '<>f__AnonymousType1`2[[System.Boolean, System.Private.CoreLib, Version=6.0.0.0, Culture=neutral, PublicKeyToken=7cec85d7bea7798e],[System.Collections.Generic.List`1[[RepositoryLayer.Entity.GreetingEntity, RepositoryLayer, Version=1.0.0.0, Culture=neutral, PublicKeyToken=null]], System.Private.CoreLib, Version=6.0.0.0, Culture=neutral, PublicKeyToken=7cec85d7bea7798e]]'. | 
2025-03-06 00:49:35.7879 | Microsoft.AspNetCore.Mvc.Infrastructure.ControllerActionInvoker | INFO | Executed action HelloGreetingApplication.Controllers.HelloGreetingController.GetAllGreetings (HelloGreetingApplication) in 123.8911ms | 
2025-03-06 00:49:35.7879 | Microsoft.AspNetCore.Routing.EndpointMiddleware | INFO | Executed endpoint 'HelloGreetingApplication.Controllers.HelloGreetingController.GetAllGreetings (HelloGreetingApplication)' | 
2025-03-06 00:49:35.7879 | Microsoft.AspNetCore.Hosting.Diagnostics | INFO | Request finished HTTP/2 GET https://localhost:7222/HelloGreeting/all-greetings - - - 200 - application/json;+charset=utf-8 152.8026ms | 
2025-03-06 00:59:41.1066 | Microsoft.AspNetCore.Hosting.Diagnostics | INFO | Request starting HTTP/2 GET https://localhost:7222/HelloGreeting/all-greetings - - | 
2025-03-06 00:59:41.1189 | Microsoft.AspNetCore.Routing.EndpointMiddleware | INFO | Executing endpoint 'HelloGreetingApplication.Controllers.HelloGreetingController.GetAllGreetings (HelloGreetingApplication)' | 
2025-03-06 00:59:41.1189 | Microsoft.AspNetCore.Mvc.Infrastructure.ControllerActionInvoker | INFO | Route matched with {action = "GetAllGreetings", controller = "HelloGreeting"}. Executing controller action with signature Microsoft.AspNetCore.Mvc.IActionResult GetAllGreetings() on controller HelloGreetingApplication.Controllers.HelloGreetingController (HelloGreetingApplication). | 
2025-03-06 00:59:41.3885 | Microsoft.EntityFrameworkCore.Infrastructure | INFO | Entity Framework Core 6.0.36 initialized 'GreetingContext' using provider 'Microsoft.EntityFrameworkCore.SqlServer:6.0.36' with options: None | 
2025-03-06 00:59:41.4559 | Microsoft.EntityFrameworkCore.Database.Command | INFO | Executed DbCommand (35ms) [Parameters=[], CommandType='Text', CommandTimeout='30']
SELECT [g].[Id], [g].[Message]
FROM [Greetings] AS [g] | 
2025-03-06 00:59:41.4559 | HelloGreetingApplication.Controllers.HelloGreetingController | INFO | All greetings retrieved successfully. | 
2025-03-06 00:59:41.4559 | Microsoft.AspNetCore.Mvc.Infrastructure.ObjectResultExecutor | INFO | Executing OkObjectResult, writing value of type '<>f__AnonymousType1`2[[System.Boolean, System.Private.CoreLib, Version=6.0.0.0, Culture=neutral, PublicKeyToken=7cec85d7bea7798e],[System.Collections.Generic.List`1[[RepositoryLayer.Entity.GreetingEntity, RepositoryLayer, Version=1.0.0.0, Culture=neutral, PublicKeyToken=null]], System.Private.CoreLib, Version=6.0.0.0, Culture=neutral, PublicKeyToken=7cec85d7bea7798e]]'. | 
2025-03-06 00:59:41.4717 | Microsoft.AspNetCore.Mvc.Infrastructure.ControllerActionInvoker | INFO | Executed action HelloGreetingApplication.Controllers.HelloGreetingController.GetAllGreetings (HelloGreetingApplication) in 343.1643ms | 
2025-03-06 00:59:41.4717 | Microsoft.AspNetCore.Routing.EndpointMiddleware | INFO | Executed endpoint 'HelloGreetingApplication.Controllers.HelloGreetingController.GetAllGreetings (HelloGreetingApplication)' | 
2025-03-06 00:59:41.4717 | Microsoft.AspNetCore.Hosting.Diagnostics | INFO | Request finished HTTP/2 GET https://localhost:7222/HelloGreeting/all-greetings - - - 200 - application/json;+charset=utf-8 371.9321ms | 
2025-03-06 01:26:11.5857 | HelloGreetingApplication.Program | INFO | Application is starting... | 
2025-03-06 01:26:16.4294 | HelloGreetingApplication.Program | INFO | Application started successfully | 
2025-03-06 01:26:18.4207 | Microsoft.Hosting.Lifetime | INFO | Now listening on: https://localhost:7222 | 
2025-03-06 01:26:18.4590 | Microsoft.Hosting.Lifetime | INFO | Now listening on: http://localhost:5240 | 
2025-03-06 01:26:19.0190 | Microsoft.Hosting.Lifetime | INFO | Application started. Press Ctrl+C to shut down. | 
2025-03-06 01:26:19.0190 | Microsoft.Hosting.Lifetime | INFO | Hosting environment: Development | 
2025-03-06 01:26:19.0355 | Microsoft.Hosting.Lifetime | INFO | Content root path: C:\Users\HP\Documents\GreetingApp_2384200174\HelloGreetingApplication\HelloGreetingApplication\ | 
2025-03-06 01:26:20.0140 | Microsoft.AspNetCore.Hosting.Diagnostics | INFO | Request starting HTTP/2 GET https://localhost:7222/Swagger/index.html - - | 
2025-03-06 01:26:22.1723 | Microsoft.AspNetCore.Hosting.Diagnostics | INFO | Request starting HTTP/2 GET https://localhost:7222/_framework/aspnetcore-browser-refresh.js - - | 
2025-03-06 01:26:22.1723 | Microsoft.AspNetCore.Hosting.Diagnostics | INFO | Request starting HTTP/2 GET https://localhost:7222/Swagger/index.js - - | 
2025-03-06 01:26:22.1723 | Microsoft.AspNetCore.Hosting.Diagnostics | INFO | Request starting HTTP/2 GET https://localhost:7222/_vs/browserLink - - | 
2025-03-06 01:26:22.1723 | Microsoft.AspNetCore.Hosting.Diagnostics | INFO | Request finished HTTP/2 GET https://localhost:7222/Swagger/index.html - - - 200 - text/html;charset=utf-8 2173.3896ms | 
2025-03-06 01:26:22.2027 | Microsoft.AspNetCore.Hosting.Diagnostics | INFO | Request finished HTTP/2 GET https://localhost:7222/Swagger/index.js - - - 200 - application/javascript;charset=utf-8 30.3222ms | 
2025-03-06 01:26:22.2465 | Microsoft.AspNetCore.Hosting.Diagnostics | INFO | Request finished HTTP/2 GET https://localhost:7222/_framework/aspnetcore-browser-refresh.js - - - 200 12006 application/javascript;+charset=utf-8 74.2572ms | 
2025-03-06 01:26:22.5988 | Microsoft.AspNetCore.Hosting.Diagnostics | INFO | Request finished HTTP/2 GET https://localhost:7222/_vs/browserLink - - - 200 - text/javascript;+charset=UTF-8 426.3139ms | 
2025-03-06 01:26:22.8936 | Microsoft.AspNetCore.Hosting.Diagnostics | INFO | Request starting HTTP/2 GET https://localhost:7222/Swagger/v1/swagger.json - - | 
2025-03-06 01:26:22.9326 | Microsoft.AspNetCore.Hosting.Diagnostics | INFO | Request finished HTTP/2 GET https://localhost:7222/Swagger/v1/swagger.json - - - 200 - application/json;charset=utf-8 38.9957ms | 
2025-03-06 01:26:33.4853 | Microsoft.AspNetCore.Hosting.Diagnostics | INFO | Request starting HTTP/2 GET https://localhost:7222/HelloGreeting/all-greetings - - | 
2025-03-06 01:26:33.5221 | Microsoft.AspNetCore.Routing.EndpointMiddleware | INFO | Executing endpoint 'HelloGreetingApplication.Controllers.HelloGreetingController.GetAllGreetings (HelloGreetingApplication)' | 
2025-03-06 01:26:33.5716 | Microsoft.AspNetCore.Mvc.Infrastructure.ControllerActionInvoker | INFO | Route matched with {action = "GetAllGreetings", controller = "HelloGreeting"}. Executing controller action with signature Microsoft.AspNetCore.Mvc.IActionResult GetAllGreetings() on controller HelloGreetingApplication.Controllers.HelloGreetingController (HelloGreetingApplication). | 
2025-03-06 01:26:37.8292 | Microsoft.EntityFrameworkCore.Infrastructure | INFO | Entity Framework Core 6.0.36 initialized 'GreetingContext' using provider 'Microsoft.EntityFrameworkCore.SqlServer:6.0.36' with options: None | 
2025-03-06 01:26:40.9825 | Microsoft.EntityFrameworkCore.Database.Command | INFO | Executed DbCommand (150ms) [Parameters=[], CommandType='Text', CommandTimeout='30']
SELECT [g].[Id], [g].[Message]
FROM [Greetings] AS [g] | 
2025-03-06 01:26:41.3437 | HelloGreetingApplication.Controllers.HelloGreetingController | INFO | All greetings retrieved successfully. | 
2025-03-06 01:26:41.3653 | Microsoft.AspNetCore.Mvc.Infrastructure.ObjectResultExecutor | INFO | Executing OkObjectResult, writing value of type 'ModelLayer.Model.ResponseModel`1[[System.Collections.Generic.List`1[[RepositoryLayer.Entity.GreetingEntity, RepositoryLayer, Version=1.0.0.0, Culture=neutral, PublicKeyToken=null]], System.Private.CoreLib, Version=6.0.0.0, Culture=neutral, PublicKeyToken=7cec85d7bea7798e]]'. | 
2025-03-06 01:26:41.4328 | Microsoft.AspNetCore.Mvc.Infrastructure.ControllerActionInvoker | INFO | Executed action HelloGreetingApplication.Controllers.HelloGreetingController.GetAllGreetings (HelloGreetingApplication) in 7819.9862ms | 
2025-03-06 01:26:41.4328 | Microsoft.AspNetCore.Routing.EndpointMiddleware | INFO | Executed endpoint 'HelloGreetingApplication.Controllers.HelloGreetingController.GetAllGreetings (HelloGreetingApplication)' | 
2025-03-06 01:26:41.4824 | Microsoft.AspNetCore.Hosting.Diagnostics | INFO | Request finished HTTP/2 GET https://localhost:7222/HelloGreeting/all-greetings - - - 200 - application/json;+charset=utf-8 7996.9525ms | 
2025-03-06 01:44:45.1051 | HelloGreetingApplication.Program | INFO | Application is starting... | 
2025-03-06 01:44:51.1284 | HelloGreetingApplication.Program | INFO | Application started successfully | 
2025-03-06 01:44:53.3867 | Microsoft.Hosting.Lifetime | INFO | Now listening on: https://localhost:7222 | 
2025-03-06 01:44:53.4841 | Microsoft.Hosting.Lifetime | INFO | Now listening on: http://localhost:5240 | 
2025-03-06 01:44:54.9311 | Microsoft.Hosting.Lifetime | INFO | Application started. Press Ctrl+C to shut down. | 
2025-03-06 01:44:55.0217 | Microsoft.Hosting.Lifetime | INFO | Hosting environment: Development | 
2025-03-06 01:44:55.0906 | Microsoft.Hosting.Lifetime | INFO | Content root path: C:\Users\HP\Documents\GreetingApp_2384200174\HelloGreetingApplication\HelloGreetingApplication\ | 
2025-03-06 01:44:55.8327 | Microsoft.AspNetCore.Hosting.Diagnostics | INFO | Request starting HTTP/2 GET https://localhost:7222/Swagger/index.html - - | 
2025-03-06 01:44:57.6246 | Microsoft.AspNetCore.Hosting.Diagnostics | INFO | Request starting HTTP/2 GET https://localhost:7222/_framework/aspnetcore-browser-refresh.js - - | 
2025-03-06 01:44:57.6306 | Microsoft.AspNetCore.Hosting.Diagnostics | INFO | Request starting HTTP/2 GET https://localhost:7222/Swagger/index.js - - | 
2025-03-06 01:44:57.6306 | Microsoft.AspNetCore.Hosting.Diagnostics | INFO | Request starting HTTP/2 GET https://localhost:7222/_vs/browserLink - - | 
2025-03-06 01:44:57.6306 | Microsoft.AspNetCore.Hosting.Diagnostics | INFO | Request finished HTTP/2 GET https://localhost:7222/Swagger/index.html - - - 200 - text/html;charset=utf-8 1818.6568ms | 
2025-03-06 01:44:57.6509 | Microsoft.AspNetCore.Hosting.Diagnostics | INFO | Request finished HTTP/2 GET https://localhost:7222/Swagger/index.js - - - 200 - application/javascript;charset=utf-8 20.4616ms | 
2025-03-06 01:44:57.7072 | Microsoft.AspNetCore.Hosting.Diagnostics | INFO | Request finished HTTP/2 GET https://localhost:7222/_framework/aspnetcore-browser-refresh.js - - - 200 12006 application/javascript;+charset=utf-8 82.6613ms | 
2025-03-06 01:44:58.2231 | Microsoft.AspNetCore.Hosting.Diagnostics | INFO | Request finished HTTP/2 GET https://localhost:7222/_vs/browserLink - - - 200 - text/javascript;+charset=UTF-8 587.9866ms | 
2025-03-06 01:44:59.0177 | Microsoft.AspNetCore.Hosting.Diagnostics | INFO | Request starting HTTP/2 GET https://localhost:7222/Swagger/v1/swagger.json - - | 
2025-03-06 01:44:59.0607 | Microsoft.AspNetCore.Hosting.Diagnostics | INFO | Request finished HTTP/2 GET https://localhost:7222/Swagger/v1/swagger.json - - - 200 - application/json;charset=utf-8 40.8726ms | 
2025-03-06 01:46:12.7946 | Microsoft.AspNetCore.Hosting.Diagnostics | INFO | Request starting HTTP/2 PUT https://localhost:7222/HelloGreeting/id?id=D5BFFF3F-D590-4D97-2EA2-08DD5C0B1DA0 application/json 32 | 
2025-03-06 01:46:12.8210 | Microsoft.AspNetCore.Routing.EndpointMiddleware | INFO | Executing endpoint 'HelloGreetingApplication.Controllers.HelloGreetingController.UpdateGreeting (HelloGreetingApplication)' | 
2025-03-06 01:46:12.9157 | Microsoft.AspNetCore.Mvc.Infrastructure.ControllerActionInvoker | INFO | Route matched with {action = "UpdateGreeting", controller = "HelloGreeting"}. Executing controller action with signature Microsoft.AspNetCore.Mvc.IActionResult UpdateGreeting(System.Guid, ModelLayer.Model.RequestModel) on controller HelloGreetingApplication.Controllers.HelloGreetingController (HelloGreetingApplication). | 
2025-03-06 01:46:16.9337 | Microsoft.EntityFrameworkCore.Infrastructure | INFO | Entity Framework Core 6.0.36 initialized 'GreetingContext' using provider 'Microsoft.EntityFrameworkCore.SqlServer:6.0.36' with options: None | 
2025-03-06 01:46:21.2671 | Microsoft.EntityFrameworkCore.Database.Command | INFO | Executed DbCommand (362ms) [Parameters=[@__get_Item_0='?' (DbType = Guid)], CommandType='Text', CommandTimeout='30']
SELECT TOP(1) [g].[Id], [g].[Message]
FROM [Greetings] AS [g]
WHERE [g].[Id] = @__get_Item_0 | 
2025-03-06 01:46:22.0958 | Microsoft.EntityFrameworkCore.Database.Command | INFO | Executed DbCommand (38ms) [Parameters=[@p1='?' (DbType = Guid), @p0='?' (Size = 4000)], CommandType='Text', CommandTimeout='30']
SET NOCOUNT ON;
UPDATE [Greetings] SET [Message] = @p0
WHERE [Id] = @p1;
SELECT @@ROWCOUNT; | 
2025-03-06 01:46:22.1999 | HelloGreetingApplication.Controllers.HelloGreetingController | INFO | Greeting updated successfully | 
2025-03-06 01:46:22.2245 | Microsoft.AspNetCore.Mvc.Infrastructure.ObjectResultExecutor | INFO | Executing OkObjectResult, writing value of type 'ModelLayer.Model.ResponseModel`1[[System.String, System.Private.CoreLib, Version=6.0.0.0, Culture=neutral, PublicKeyToken=7cec85d7bea7798e]]'. | 
2025-03-06 01:46:22.2531 | Microsoft.AspNetCore.Mvc.Infrastructure.ControllerActionInvoker | INFO | Executed action HelloGreetingApplication.Controllers.HelloGreetingController.UpdateGreeting (HelloGreetingApplication) in 9315.5344ms | 
2025-03-06 01:46:22.2531 | Microsoft.AspNetCore.Routing.EndpointMiddleware | INFO | Executed endpoint 'HelloGreetingApplication.Controllers.HelloGreetingController.UpdateGreeting (HelloGreetingApplication)' | 
2025-03-06 01:46:22.3109 | Microsoft.AspNetCore.Hosting.Diagnostics | INFO | Request finished HTTP/2 PUT https://localhost:7222/HelloGreeting/id?id=D5BFFF3F-D590-4D97-2EA2-08DD5C0B1DA0 application/json 32 - 200 - application/json;+charset=utf-8 9516.2894ms | 
